This is pdfTeX, Version 3.141592653-2.6-1.40.24 (TeX Live 2022) (preloaded format=pdflatex 2022.10.8)  27 NOV 2022 13:48
entering extended mode
 restricted \write18 enabled.
 file:line:error style messages enabled.
 %&-line parsing enabled.
**"/Volumes/HDD 500GB/Downloads/Course/BKA_Course/20221/Tech/Lê Thanh Hải 20191813/AI.tex"
(/Volumes/HDD 500GB/Downloads/Course/BKA_Course/20221/Tech/Lê Thanh Hải 20191813/AI.tex
LaTeX2e <2021-11-15> patch level 1
L3 programming layer <2022-02-24> (/usr/local/texlive/2022/texmf-dist/tex/latex/beamer/beamer.cls
Document Class: beamer 2022/02/08 v3.66 A class for typesetting presentations
(/usr/local/texlive/2022/texmf-dist/tex/latex/beamer/beamerbasemodes.sty (/usr/local/texlive/2022/texmf-dist/tex/latex/etoolbox/etoolbox.sty
Package: etoolbox 2020/10/05 v2.5k e-TeX tools for LaTeX (JAW)
\etb@tempcnta=\count185
)
\beamer@tempbox=\box50
\beamer@tempcount=\count186
\c@beamerpauses=\count187
 (/usr/local/texlive/2022/texmf-dist/tex/latex/beamer/beamerbasedecode.sty
\beamer@slideinframe=\count188
\beamer@minimum=\count189
\beamer@decode@box=\box51
)
\beamer@commentbox=\box52
\beamer@modecount=\count190
) (/usr/local/texlive/2022/texmf-dist/tex/generic/iftex/iftex.sty
Package: iftex 2022/02/03 v1.0f TeX engine tests
)
\headdp=\dimen138
\footheight=\dimen139
\sidebarheight=\dimen140
\beamer@tempdim=\dimen141
\beamer@finalheight=\dimen142
\beamer@animht=\dimen143
\beamer@animdp=\dimen144
\beamer@animwd=\dimen145
\beamer@leftmargin=\dimen146
\beamer@rightmargin=\dimen147
\beamer@leftsidebar=\dimen148
\beamer@rightsidebar=\dimen149
\beamer@boxsize=\dimen150
\beamer@vboxoffset=\dimen151
\beamer@descdefault=\dimen152
\beamer@descriptionwidth=\dimen153
\beamer@lastskip=\skip47
\beamer@areabox=\box53
\beamer@animcurrent=\box54
\beamer@animshowbox=\box55
\beamer@sectionbox=\box56
\beamer@logobox=\box57
\beamer@linebox=\box58
\beamer@sectioncount=\count191
\beamer@subsubsectionmax=\count192
\beamer@subsectionmax=\count193
\beamer@sectionmax=\count194
\beamer@totalheads=\count195
\beamer@headcounter=\count196
\beamer@partstartpage=\count197
\beamer@sectionstartpage=\count198
\beamer@subsectionstartpage=\count199
\beamer@animationtempa=\count266
\beamer@animationtempb=\count267
\beamer@xpos=\count268
\beamer@ypos=\count269
\beamer@ypos@offset=\count270
\beamer@showpartnumber=\count271
\beamer@currentsubsection=\count272
\beamer@coveringdepth=\count273
\beamer@sectionadjust=\count274
\beamer@toclastsection=\count275
\beamer@tocsectionnumber=\count276
 (/usr/local/texlive/2022/texmf-dist/tex/latex/beamer/beamerbaseoptions.sty (/usr/local/texlive/2022/texmf-dist/tex/latex/graphics/keyval.sty
Package: keyval 2014/10/28 v1.15 key=value parser (DPC)
\KV@toks@=\toks16
))
\beamer@paperwidth=\skip48
\beamer@paperheight=\skip49
 (/usr/local/texlive/2022/texmf-dist/tex/latex/geometry/geometry.sty
Package: geometry 2020/01/02 v5.9 Page Geometry
 (/usr/local/texlive/2022/texmf-dist/tex/generic/iftex/ifvtex.sty
Package: ifvtex 2019/10/25 v1.7 ifvtex legacy package. Use iftex instead.
)
\Gm@cnth=\count277
\Gm@cntv=\count278
\c@Gm@tempcnt=\count279
\Gm@bindingoffset=\dimen154
\Gm@wd@mp=\dimen155
\Gm@odd@mp=\dimen156
\Gm@even@mp=\dimen157
\Gm@layoutwidth=\dimen158
\Gm@layoutheight=\dimen159
\Gm@layouthoffset=\dimen160
\Gm@layoutvoffset=\dimen161
\Gm@dimlist=\toks17
) (/usr/local/texlive/2022/texmf-dist/tex/latex/pgf/math/pgfmath.sty (/usr/local/texlive/2022/texmf-dist/tex/latex/pgf/utilities/pgfrcs.sty (/usr/local/texlive/2022/texmf-dist/tex/generic/pgf/utilities/pgfutil-common.tex
\pgfutil@everybye=\toks18
\pgfutil@tempdima=\dimen162
\pgfutil@tempdimb=\dimen163
 (/usr/local/texlive/2022/texmf-dist/tex/generic/pgf/utilities/pgfutil-common-lists.tex)) (/usr/local/texlive/2022/texmf-dist/tex/generic/pgf/utilities/pgfutil-latex.def
\pgfutil@abb=\box59
) (/usr/local/texlive/2022/texmf-dist/tex/generic/pgf/utilities/pgfrcs.code.tex (/usr/local/texlive/2022/texmf-dist/tex/generic/pgf/pgf.revision.tex)
Package: pgfrcs 2021/05/15 v3.1.9a (3.1.9a)
)) (/usr/local/texlive/2022/texmf-dist/tex/latex/pgf/utilities/pgfkeys.sty (/usr/local/texlive/2022/texmf-dist/tex/generic/pgf/utilities/pgfkeys.code.tex
\pgfkeys@pathtoks=\toks19
\pgfkeys@temptoks=\toks20
 (/usr/local/texlive/2022/texmf-dist/tex/generic/pgf/utilities/pgfkeysfiltered.code.tex
\pgfkeys@tmptoks=\toks21
))) (/usr/local/texlive/2022/texmf-dist/tex/generic/pgf/math/pgfmath.code.tex (/usr/local/texlive/2022/texmf-dist/tex/generic/pgf/math/pgfmathcalc.code.tex (/usr/local/texlive/2022/texmf-dist/tex/generic/pgf/math/pgfmathutil.code.tex
\pgf@x=\dimen164
\pgf@xa=\dimen165
\pgf@xb=\dimen166
\pgf@xc=\dimen167
\pgf@y=\dimen168
\pgf@ya=\dimen169
\pgf@yb=\dimen170
\pgf@yc=\dimen171
\c@pgf@counta=\count280
\c@pgf@countb=\count281
\c@pgf@countc=\count282
\c@pgf@countd=\count283
) (/usr/local/texlive/2022/texmf-dist/tex/generic/pgf/math/pgfmathparser.code.tex
\pgfmath@dimen=\dimen172
\pgfmath@count=\count284
\pgfmath@box=\box60
\pgfmath@toks=\toks22
\pgfmath@stack@operand=\toks23
\pgfmath@stack@operation=\toks24
) (/usr/local/texlive/2022/texmf-dist/tex/generic/pgf/math/pgfmathfunctions.code.tex (/usr/local/texlive/2022/texmf-dist/tex/generic/pgf/math/pgfmathfunctions.basic.code.tex) (/usr/local/texlive/2022/texmf-dist/tex/generic/pgf/math/pgfmathfunctions.trigonometric.code.tex) (/usr/local/texlive/2022/texmf-dist/tex/generic/pgf/math/pgfmathfunctions.random.code.tex) (/usr/local/texlive/2022/texmf-dist/tex/generic/pgf/math/pgfmathfunctions.comparison.code.tex) (/usr/local/texlive/2022/texmf-dist/tex/generic/pgf/math/pgfmathfunctions.base.code.tex) (/usr/local/texlive/2022/texmf-dist/tex/generic/pgf/math/pgfmathfunctions.round.code.tex) (/usr/local/texlive/2022/texmf-dist/tex/generic/pgf/math/pgfmathfunctions.misc.code.tex) (/usr/local/texlive/2022/texmf-dist/tex/generic/pgf/math/pgfmathfunctions.integerarithmetics.code.tex))) (/usr/local/texlive/2022/texmf-dist/tex/generic/pgf/math/pgfmathfloat.code.tex
\c@pgfmathroundto@lastzeros=\count285
))) (/usr/local/texlive/2022/texmf-dist/tex/latex/base/size11.clo
File: size11.clo 2021/10/04 v1.4n Standard LaTeX file (size option)
) (/usr/local/texlive/2022/texmf-dist/tex/latex/pgf/basiclayer/pgfcore.sty (/usr/local/texlive/2022/texmf-dist/tex/latex/graphics/graphicx.sty
Package: graphicx 2021/09/16 v1.2d Enhanced LaTeX Graphics (DPC,SPQR)
 (/usr/local/texlive/2022/texmf-dist/tex/latex/graphics/graphics.sty
Package: graphics 2021/03/04 v1.4d Standard LaTeX Graphics (DPC,SPQR)
 (/usr/local/texlive/2022/texmf-dist/tex/latex/graphics/trig.sty
Package: trig 2021/08/11 v1.11 sin cos tan (DPC)
) (/usr/local/texlive/2022/texmf-dist/tex/latex/graphics-cfg/graphics.cfg
File: graphics.cfg 2016/06/04 v1.11 sample graphics configuration
)
Package graphics Info: Driver file: pdftex.def on input line 107.
 (/usr/local/texlive/2022/texmf-dist/tex/latex/graphics-def/pdftex.def
File: pdftex.def 2020/10/05 v1.2a Graphics/color driver for pdftex
))
\Gin@req@height=\dimen173
\Gin@req@width=\dimen174
) (/usr/local/texlive/2022/texmf-dist/tex/latex/pgf/systemlayer/pgfsys.sty (/usr/local/texlive/2022/texmf-dist/tex/generic/pgf/systemlayer/pgfsys.code.tex
Package: pgfsys 2021/05/15 v3.1.9a (3.1.9a)
 (/usr/local/texlive/2022/texmf-dist/tex/generic/pgf/utilities/pgfkeys.code.tex)
\pgf@x=\dimen175
\pgf@y=\dimen176
\pgf@xa=\dimen177
\pgf@ya=\dimen178
\pgf@xb=\dimen179
\pgf@yb=\dimen180
\pgf@xc=\dimen181
\pgf@yc=\dimen182
\pgf@xd=\dimen183
\pgf@yd=\dimen184
\w@pgf@writea=\write3
\r@pgf@reada=\read2
\c@pgf@counta=\count286
\c@pgf@countb=\count287
\c@pgf@countc=\count288
\c@pgf@countd=\count289
\t@pgf@toka=\toks25
\t@pgf@tokb=\toks26
\t@pgf@tokc=\toks27
\pgf@sys@id@count=\count290
 (/usr/local/texlive/2022/texmf-dist/tex/generic/pgf/systemlayer/pgf.cfg
File: pgf.cfg 2021/05/15 v3.1.9a (3.1.9a)
)
Driver file for pgf: pgfsys-pdftex.def
 (/usr/local/texlive/2022/texmf-dist/tex/generic/pgf/systemlayer/pgfsys-pdftex.def
File: pgfsys-pdftex.def 2021/05/15 v3.1.9a (3.1.9a)
 (/usr/local/texlive/2022/texmf-dist/tex/generic/pgf/systemlayer/pgfsys-common-pdf.def
File: pgfsys-common-pdf.def 2021/05/15 v3.1.9a (3.1.9a)
))) (/usr/local/texlive/2022/texmf-dist/tex/generic/pgf/systemlayer/pgfsyssoftpath.code.tex
File: pgfsyssoftpath.code.tex 2021/05/15 v3.1.9a (3.1.9a)
\pgfsyssoftpath@smallbuffer@items=\count291
\pgfsyssoftpath@bigbuffer@items=\count292
) (/usr/local/texlive/2022/texmf-dist/tex/generic/pgf/systemlayer/pgfsysprotocol.code.tex
File: pgfsysprotocol.code.tex 2021/05/15 v3.1.9a (3.1.9a)
)) (/usr/local/texlive/2022/texmf-dist/tex/latex/xcolor/xcolor.sty
Package: xcolor 2021/10/31 v2.13 LaTeX color extensions (UK)
 (/usr/local/texlive/2022/texmf-dist/tex/latex/graphics-cfg/color.cfg
File: color.cfg 2016/01/02 v1.6 sample color configuration
)
Package xcolor Info: Driver file: pdftex.def on input line 227.
Package xcolor Info: Model `cmy' substituted by `cmy0' on input line 1352.
Package xcolor Info: Model `hsb' substituted by `rgb' on input line 1356.
Package xcolor Info: Model `RGB' extended on input line 1368.
Package xcolor Info: Model `HTML' substituted by `rgb' on input line 1370.
Package xcolor Info: Model `Hsb' substituted by `hsb' on input line 1371.
Package xcolor Info: Model `tHsb' substituted by `hsb' on input line 1372.
Package xcolor Info: Model `HSB' substituted by `hsb' on input line 1373.
Package xcolor Info: Model `Gray' substituted by `gray' on input line 1374.
Package xcolor Info: Model `wave' substituted by `hsb' on input line 1375.
) (/usr/local/texlive/2022/texmf-dist/tex/generic/pgf/basiclayer/pgfcore.code.tex
Package: pgfcore 2021/05/15 v3.1.9a (3.1.9a)
 (/usr/local/texlive/2022/texmf-dist/tex/generic/pgf/math/pgfmath.code.tex) (/usr/local/texlive/2022/texmf-dist/tex/generic/pgf/math/pgfint.code.tex) (/usr/local/texlive/2022/texmf-dist/tex/generic/pgf/basiclayer/pgfcorepoints.code.tex
File: pgfcorepoints.code.tex 2021/05/15 v3.1.9a (3.1.9a)
\pgf@picminx=\dimen185
\pgf@picmaxx=\dimen186
\pgf@picminy=\dimen187
\pgf@picmaxy=\dimen188
\pgf@pathminx=\dimen189
\pgf@pathmaxx=\dimen190
\pgf@pathminy=\dimen191
\pgf@pathmaxy=\dimen192
\pgf@xx=\dimen193
\pgf@xy=\dimen194
\pgf@yx=\dimen195
\pgf@yy=\dimen196
\pgf@zx=\dimen197
\pgf@zy=\dimen198
) (/usr/local/texlive/2022/texmf-dist/tex/generic/pgf/basiclayer/pgfcorepathconstruct.code.tex
File: pgfcorepathconstruct.code.tex 2021/05/15 v3.1.9a (3.1.9a)
\pgf@path@lastx=\dimen199
\pgf@path@lasty=\dimen256
) (/usr/local/texlive/2022/texmf-dist/tex/generic/pgf/basiclayer/pgfcorepathusage.code.tex
File: pgfcorepathusage.code.tex 2021/05/15 v3.1.9a (3.1.9a)
\pgf@shorten@end@additional=\dimen257
\pgf@shorten@start@additional=\dimen258
) (/usr/local/texlive/2022/texmf-dist/tex/generic/pgf/basiclayer/pgfcorescopes.code.tex
File: pgfcorescopes.code.tex 2021/05/15 v3.1.9a (3.1.9a)
\pgfpic=\box61
\pgf@hbox=\box62
\pgf@layerbox@main=\box63
\pgf@picture@serial@count=\count293
) (/usr/local/texlive/2022/texmf-dist/tex/generic/pgf/basiclayer/pgfcoregraphicstate.code.tex
File: pgfcoregraphicstate.code.tex 2021/05/15 v3.1.9a (3.1.9a)
\pgflinewidth=\dimen259
) (/usr/local/texlive/2022/texmf-dist/tex/generic/pgf/basiclayer/pgfcoretransformations.code.tex
File: pgfcoretransformations.code.tex 2021/05/15 v3.1.9a (3.1.9a)
\pgf@pt@x=\dimen260
\pgf@pt@y=\dimen261
\pgf@pt@temp=\dimen262
) (/usr/local/texlive/2022/texmf-dist/tex/generic/pgf/basiclayer/pgfcorequick.code.tex
File: pgfcorequick.code.tex 2021/05/15 v3.1.9a (3.1.9a)
) (/usr/local/texlive/2022/texmf-dist/tex/generic/pgf/basiclayer/pgfcoreobjects.code.tex
File: pgfcoreobjects.code.tex 2021/05/15 v3.1.9a (3.1.9a)
) (/usr/local/texlive/2022/texmf-dist/tex/generic/pgf/basiclayer/pgfcorepathprocessing.code.tex
File: pgfcorepathprocessing.code.tex 2021/05/15 v3.1.9a (3.1.9a)
) (/usr/local/texlive/2022/texmf-dist/tex/generic/pgf/basiclayer/pgfcorearrows.code.tex
File: pgfcorearrows.code.tex 2021/05/15 v3.1.9a (3.1.9a)
\pgfarrowsep=\dimen263
) (/usr/local/texlive/2022/texmf-dist/tex/generic/pgf/basiclayer/pgfcoreshade.code.tex
File: pgfcoreshade.code.tex 2021/05/15 v3.1.9a (3.1.9a)
\pgf@max=\dimen264
\pgf@sys@shading@range@num=\count294
\pgf@shadingcount=\count295
) (/usr/local/texlive/2022/texmf-dist/tex/generic/pgf/basiclayer/pgfcoreimage.code.tex
File: pgfcoreimage.code.tex 2021/05/15 v3.1.9a (3.1.9a)
 (/usr/local/texlive/2022/texmf-dist/tex/generic/pgf/basiclayer/pgfcoreexternal.code.tex
File: pgfcoreexternal.code.tex 2021/05/15 v3.1.9a (3.1.9a)
\pgfexternal@startupbox=\box64
)) (/usr/local/texlive/2022/texmf-dist/tex/generic/pgf/basiclayer/pgfcorelayers.code.tex
File: pgfcorelayers.code.tex 2021/05/15 v3.1.9a (3.1.9a)
) (/usr/local/texlive/2022/texmf-dist/tex/generic/pgf/basiclayer/pgfcoretransparency.code.tex
File: pgfcoretransparency.code.tex 2021/05/15 v3.1.9a (3.1.9a)
) (/usr/local/texlive/2022/texmf-dist/tex/generic/pgf/basiclayer/pgfcorepatterns.code.tex
File: pgfcorepatterns.code.tex 2021/05/15 v3.1.9a (3.1.9a)
) (/usr/local/texlive/2022/texmf-dist/tex/generic/pgf/basiclayer/pgfcorerdf.code.tex
File: pgfcorerdf.code.tex 2021/05/15 v3.1.9a (3.1.9a)
))) (/usr/local/texlive/2022/texmf-dist/tex/latex/pgf/utilities/xxcolor.sty
Package: xxcolor 2003/10/24 ver 0.1
\XC@nummixins=\count296
\XC@countmixins=\count297
) (/usr/local/texlive/2022/texmf-dist/tex/latex/base/atbegshi-ltx.sty
Package: atbegshi-ltx 2021/01/10 v1.0c Emulation of the original atbegshi
package with kernel methods
) (/usr/local/texlive/2022/texmf-dist/tex/latex/hyperref/hyperref.sty
Package: hyperref 2022-02-21 v7.00n Hypertext links for LaTeX
 (/usr/local/texlive/2022/texmf-dist/tex/generic/ltxcmds/ltxcmds.sty
Package: ltxcmds 2020-05-10 v1.25 LaTeX kernel commands for general use (HO)
) (/usr/local/texlive/2022/texmf-dist/tex/generic/pdftexcmds/pdftexcmds.sty
Package: pdftexcmds 2020-06-27 v0.33 Utility functions of pdfTeX for LuaTeX (HO)
 (/usr/local/texlive/2022/texmf-dist/tex/generic/infwarerr/infwarerr.sty
Package: infwarerr 2019/12/03 v1.5 Providing info/warning/error messages (HO)
)
Package pdftexcmds Info: \pdf@primitive is available.
Package pdftexcmds Info: \pdf@ifprimitive is available.
Package pdftexcmds Info: \pdfdraftmode found.
) (/usr/local/texlive/2022/texmf-dist/tex/generic/kvsetkeys/kvsetkeys.sty
Package: kvsetkeys 2019/12/15 v1.18 Key value parser (HO)
) (/usr/local/texlive/2022/texmf-dist/tex/generic/kvdefinekeys/kvdefinekeys.sty
Package: kvdefinekeys 2019-12-19 v1.6 Define keys (HO)
) (/usr/local/texlive/2022/texmf-dist/tex/generic/pdfescape/pdfescape.sty
Package: pdfescape 2019/12/09 v1.15 Implements pdfTeX's escape features (HO)
) (/usr/local/texlive/2022/texmf-dist/tex/latex/hycolor/hycolor.sty
Package: hycolor 2020-01-27 v1.10 Color options for hyperref/bookmark (HO)
) (/usr/local/texlive/2022/texmf-dist/tex/latex/letltxmacro/letltxmacro.sty
Package: letltxmacro 2019/12/03 v1.6 Let assignment for LaTeX macros (HO)
) (/usr/local/texlive/2022/texmf-dist/tex/latex/auxhook/auxhook.sty
Package: auxhook 2019-12-17 v1.6 Hooks for auxiliary files (HO)
) (/usr/local/texlive/2022/texmf-dist/tex/latex/kvoptions/kvoptions.sty
Package: kvoptions 2020-10-07 v3.14 Key value format for package options (HO)
)
\@linkdim=\dimen265
\Hy@linkcounter=\count298
\Hy@pagecounter=\count299
 (/usr/local/texlive/2022/texmf-dist/tex/latex/hyperref/pd1enc.def
File: pd1enc.def 2022-02-21 v7.00n Hyperref: PDFDocEncoding definition (HO)
Now handling font encoding PD1 ...
... no UTF-8 mapping file for font encoding PD1
) (/usr/local/texlive/2022/texmf-dist/tex/generic/intcalc/intcalc.sty
Package: intcalc 2019/12/15 v1.3 Expandable calculations with integers (HO)
) (/usr/local/texlive/2022/texmf-dist/tex/generic/etexcmds/etexcmds.sty
Package: etexcmds 2019/12/15 v1.7 Avoid name clashes with e-TeX commands (HO)
)
\Hy@SavedSpaceFactor=\count300
 (/usr/local/texlive/2022/texmf-dist/tex/latex/hyperref/puenc.def
File: puenc.def 2022-02-21 v7.00n Hyperref: PDF Unicode definition (HO)
Now handling font encoding PU ...
... no UTF-8 mapping file for font encoding PU
)
Package hyperref Info: Option `bookmarks' set `true' on input line 4018.
Package hyperref Info: Option `bookmarksopen' set `true' on input line 4018.
Package hyperref Info: Option `implicit' set `false' on input line 4018.
Package hyperref Info: Hyper figures OFF on input line 4137.
Package hyperref Info: Link nesting OFF on input line 4142.
Package hyperref Info: Hyper index ON on input line 4145.
Package hyperref Info: Plain pages OFF on input line 4152.
Package hyperref Info: Backreferencing OFF on input line 4157.
Package hyperref Info: Implicit mode OFF; no redefinition of LaTeX internals.
Package hyperref Info: Bookmarks ON on input line 4390.
\c@Hy@tempcnt=\count301
 (/usr/local/texlive/2022/texmf-dist/tex/latex/url/url.sty
\Urlmuskip=\muskip16
Package: url 2013/09/16  ver 3.4  Verb mode for urls, etc.
)
LaTeX Info: Redefining \url on input line 4749.
\XeTeXLinkMargin=\dimen266
 (/usr/local/texlive/2022/texmf-dist/tex/generic/bitset/bitset.sty
Package: bitset 2019/12/09 v1.3 Handle bit-vector datatype (HO)
 (/usr/local/texlive/2022/texmf-dist/tex/generic/bigintcalc/bigintcalc.sty
Package: bigintcalc 2019/12/15 v1.5 Expandable calculations on big integers (HO)
))
\Fld@menulength=\count302
\Field@Width=\dimen267
\Fld@charsize=\dimen268
Package hyperref Info: Hyper figures OFF on input line 6027.
Package hyperref Info: Link nesting OFF on input line 6032.
Package hyperref Info: Hyper index ON on input line 6035.
Package hyperref Info: backreferencing OFF on input line 6042.
Package hyperref Info: Link coloring OFF on input line 6047.
Package hyperref Info: Link coloring with OCG OFF on input line 6052.
Package hyperref Info: PDF/A mode OFF on input line 6057.
LaTeX Info: Redefining \ref on input line 6097.
LaTeX Info: Redefining \pageref on input line 6101.
\Hy@abspage=\count303


Package hyperref Message: Stopped early.

)
Package hyperref Info: Driver (autodetected): hpdftex.
 (/usr/local/texlive/2022/texmf-dist/tex/latex/hyperref/hpdftex.def
File: hpdftex.def 2022-02-21 v7.00n Hyperref driver for pdfTeX
 (/usr/local/texlive/2022/texmf-dist/tex/latex/base/atveryend-ltx.sty
Package: atveryend-ltx 2020/08/19 v1.0a Emulation of the original atveryend package
with kernel methods
)
\Fld@listcount=\count304
\c@bookmark@seq@number=\count305
 (/usr/local/texlive/2022/texmf-dist/tex/latex/rerunfilecheck/rerunfilecheck.sty
Package: rerunfilecheck 2019/12/05 v1.9 Rerun checks for auxiliary files (HO)
 (/usr/local/texlive/2022/texmf-dist/tex/generic/uniquecounter/uniquecounter.sty
Package: uniquecounter 2019/12/15 v1.4 Provide unlimited unique counter (HO)
)
Package uniquecounter Info: New unique counter `rerunfilecheck' on input line 286.
)) (/usr/local/texlive/2022/texmf-dist/tex/latex/beamer/beamerbaserequires.sty (/usr/local/texlive/2022/texmf-dist/tex/latex/beamer/beamerbasecompatibility.sty) (/usr/local/texlive/2022/texmf-dist/tex/latex/beamer/beamerbasefont.sty (/usr/local/texlive/2022/texmf-dist/tex/latex/amsfonts/amssymb.sty
Package: amssymb 2013/01/14 v3.01 AMS font symbols
 (/usr/local/texlive/2022/texmf-dist/tex/latex/amsfonts/amsfonts.sty
Package: amsfonts 2013/01/14 v3.01 Basic AMSFonts support
\@emptytoks=\toks28
\symAMSa=\mathgroup4
\symAMSb=\mathgroup5
LaTeX Font Info:    Redeclaring math symbol \hbar on input line 98.
LaTeX Font Info:    Overwriting math alphabet `\mathfrak' in version `bold'
(Font)                  U/euf/m/n --> U/euf/b/n on input line 106.
)) (/usr/local/texlive/2022/texmf-dist/tex/latex/sansmathaccent/sansmathaccent.sty
Package: sansmathaccent 2020/01/31
 (/usr/local/texlive/2022/texmf-dist/tex/latex/koma-script/scrlfile.sty
Package: scrlfile 2021/11/13 v3.35 KOMA-Script package (file load hooks)
 (/usr/local/texlive/2022/texmf-dist/tex/latex/koma-script/scrlfile-hook.sty
Package: scrlfile-hook 2021/11/13 v3.35 KOMA-Script package (using LaTeX hooks)
 (/usr/local/texlive/2022/texmf-dist/tex/latex/koma-script/scrlogo.sty
Package: scrlogo 2021/11/13 v3.35 KOMA-Script package (logo)
))))) (/usr/local/texlive/2022/texmf-dist/tex/latex/beamer/beamerbasetranslator.sty (/usr/local/texlive/2022/texmf-dist/tex/latex/translator/translator.sty
Package: translator 2021-05-31 v1.12d Easy translation of strings in LaTeX
)) (/usr/local/texlive/2022/texmf-dist/tex/latex/beamer/beamerbasemisc.sty) (/usr/local/texlive/2022/texmf-dist/tex/latex/beamer/beamerbasetwoscreens.sty) (/usr/local/texlive/2022/texmf-dist/tex/latex/beamer/beamerbaseoverlay.sty
\beamer@argscount=\count306
\beamer@lastskipcover=\skip50
\beamer@trivlistdepth=\count307
) (/usr/local/texlive/2022/texmf-dist/tex/latex/beamer/beamerbasetitle.sty) (/usr/local/texlive/2022/texmf-dist/tex/latex/beamer/beamerbasesection.sty
\c@lecture=\count308
\c@part=\count309
\c@section=\count310
\c@subsection=\count311
\c@subsubsection=\count312
) (/usr/local/texlive/2022/texmf-dist/tex/latex/beamer/beamerbaseframe.sty
\beamer@framebox=\box65
\beamer@frametitlebox=\box66
\beamer@zoombox=\box67
\beamer@zoomcount=\count313
\beamer@zoomframecount=\count314
\beamer@frametextheight=\dimen269
\c@subsectionslide=\count315
\beamer@frametopskip=\skip51
\beamer@framebottomskip=\skip52
\beamer@frametopskipautobreak=\skip53
\beamer@framebottomskipautobreak=\skip54
\beamer@envbody=\toks29
\framewidth=\dimen270
\c@framenumber=\count316
) (/usr/local/texlive/2022/texmf-dist/tex/latex/beamer/beamerbaseverbatim.sty
\beamer@verbatimfileout=\write4
) (/usr/local/texlive/2022/texmf-dist/tex/latex/beamer/beamerbaseframesize.sty
\beamer@splitbox=\box68
\beamer@autobreakcount=\count317
\beamer@autobreaklastheight=\dimen271
\beamer@frametitletoks=\toks30
\beamer@framesubtitletoks=\toks31
) (/usr/local/texlive/2022/texmf-dist/tex/latex/beamer/beamerbaseframecomponents.sty
\beamer@footins=\box69
) (/usr/local/texlive/2022/texmf-dist/tex/latex/beamer/beamerbasecolor.sty) (/usr/local/texlive/2022/texmf-dist/tex/latex/beamer/beamerbasenotes.sty
\beamer@frameboxcopy=\box70
) (/usr/local/texlive/2022/texmf-dist/tex/latex/beamer/beamerbasetoc.sty) (/usr/local/texlive/2022/texmf-dist/tex/latex/beamer/beamerbasetemplates.sty
\beamer@sbttoks=\toks32
 (/usr/local/texlive/2022/texmf-dist/tex/latex/beamer/beamerbaseauxtemplates.sty (/usr/local/texlive/2022/texmf-dist/tex/latex/beamer/beamerbaseboxes.sty
\bmb@box=\box71
\bmb@colorbox=\box72
\bmb@boxwidth=\dimen272
\bmb@boxheight=\dimen273
\bmb@prevheight=\dimen274
\bmb@temp=\dimen275
\bmb@dima=\dimen276
\bmb@dimb=\dimen277
\bmb@prevheight=\dimen278
)
\beamer@blockheadheight=\dimen279
)) (/usr/local/texlive/2022/texmf-dist/tex/latex/beamer/beamerbaselocalstructure.sty (/usr/local/texlive/2022/texmf-dist/tex/latex/tools/enumerate.sty
Package: enumerate 2015/07/23 v3.00 enumerate extensions (DPC)
\@enLab=\toks33
)
\beamer@bibiconwidth=\skip55
\c@figure=\count318
\c@table=\count319
\abovecaptionskip=\skip56
\belowcaptionskip=\skip57
) (/usr/local/texlive/2022/texmf-dist/tex/latex/beamer/beamerbasenavigation.sty
\beamer@section@min@dim=\dimen280
) (/usr/local/texlive/2022/texmf-dist/tex/latex/beamer/beamerbasetheorems.sty (/usr/local/texlive/2022/texmf-dist/tex/latex/amsmath/amsmath.sty
Package: amsmath 2021/10/15 v2.17l AMS math features
\@mathmargin=\skip58

For additional information on amsmath, use the `?' option.
(/usr/local/texlive/2022/texmf-dist/tex/latex/amsmath/amstext.sty
Package: amstext 2021/08/26 v2.01 AMS text
 (/usr/local/texlive/2022/texmf-dist/tex/latex/amsmath/amsgen.sty
File: amsgen.sty 1999/11/30 v2.0 generic functions
\@emptytoks=\toks34
\ex@=\dimen281
)) (/usr/local/texlive/2022/texmf-dist/tex/latex/amsmath/amsbsy.sty
Package: amsbsy 1999/11/29 v1.2d Bold Symbols
\pmbraise@=\dimen282
) (/usr/local/texlive/2022/texmf-dist/tex/latex/amsmath/amsopn.sty
Package: amsopn 2021/08/26 v2.02 operator names
)
\inf@bad=\count320
LaTeX Info: Redefining \frac on input line 234.
\uproot@=\count321
\leftroot@=\count322
LaTeX Info: Redefining \overline on input line 399.
\classnum@=\count323
\DOTSCASE@=\count324
LaTeX Info: Redefining \ldots on input line 496.
LaTeX Info: Redefining \dots on input line 499.
LaTeX Info: Redefining \cdots on input line 620.
\Mathstrutbox@=\box73
\strutbox@=\box74
\big@size=\dimen283
LaTeX Font Info:    Redeclaring font encoding OML on input line 743.
LaTeX Font Info:    Redeclaring font encoding OMS on input line 744.
\macc@depth=\count325
\c@MaxMatrixCols=\count326
\dotsspace@=\muskip17
\c@parentequation=\count327
\dspbrk@lvl=\count328
\tag@help=\toks35
\row@=\count329
\column@=\count330
\maxfields@=\count331
\andhelp@=\toks36
\eqnshift@=\dimen284
\alignsep@=\dimen285
\tagshift@=\dimen286
\tagwidth@=\dimen287
\totwidth@=\dimen288
\lineht@=\dimen289
\@envbody=\toks37
\multlinegap=\skip59
\multlinetaggap=\skip60
\mathdisplay@stack=\toks38
LaTeX Info: Redefining \[ on input line 2938.
LaTeX Info: Redefining \] on input line 2939.
) (/usr/local/texlive/2022/texmf-dist/tex/latex/amscls/amsthm.sty
Package: amsthm 2020/05/29 v2.20.6
\thm@style=\toks39
\thm@bodyfont=\toks40
\thm@headfont=\toks41
\thm@notefont=\toks42
\thm@headpunct=\toks43
\thm@preskip=\skip61
\thm@postskip=\skip62
\thm@headsep=\skip63
\dth@everypar=\toks44
)
\c@theorem=\count332
) (/usr/local/texlive/2022/texmf-dist/tex/latex/beamer/beamerbasethemes.sty)) (/usr/local/texlive/2022/texmf-dist/tex/latex/beamer/beamerthemedefault.sty (/usr/local/texlive/2022/texmf-dist/tex/latex/beamer/beamerfontthemedefault.sty) (/usr/local/texlive/2022/texmf-dist/tex/latex/beamer/beamercolorthemedefault.sty) (/usr/local/texlive/2022/texmf-dist/tex/latex/beamer/beamerinnerthemedefault.sty
\beamer@dima=\dimen290
\beamer@dimb=\dimen291
) (/usr/local/texlive/2022/texmf-dist/tex/latex/beamer/beamerouterthemedefault.sty))) (/usr/local/texlive/2022/texmf-dist/tex/generic/babel/babel.sty
Package: babel 2022/02/26 3.73 The Babel package
\babel@savecnt=\count333
\U@D=\dimen292
\l@unhyphenated=\language87
 (/usr/local/texlive/2022/texmf-dist/tex/generic/babel/txtbabel.def)
\bbl@readstream=\read3
LaTeX Info: Redefining \textlatin on input line 3969.
\bbl@dirlevel=\count334
 (/usr/local/texlive/2022/texmf-dist/tex/generic/babel-vietnamese/vietnamese.ldf
Language: vietnamese 


Package babel Warning: No hyphenation patterns were preloaded for
(babel)                the language 'Vietnamese' into the format.
(babel)                Please, configure your TeX system to add them and
(babel)                rebuild the format. Now I will use the patterns
(babel)                preloaded for \language=0 instead on input line 36.

Package babel Info: Hyphen rules for 'vietnamese' set to \l@english
(babel)             (\language0). Reported on input line 37.
Package babel Info: Hyphen rules for 'vietnam' set to \l@english
(babel)             (\language0). Reported on input line 38.
Loading definitions for the Vietnamese font encoding (/usr/local/texlive/2022/texmf-dist/tex/latex/vntex/t5enc.def
File: t5enc.def 2006/11/21 v1.4 Vietnamese T5 encoding
Now handling font encoding T5 ...
... processing UTF-8 mapping file for font encoding T5
 (/usr/local/texlive/2022/texmf-dist/tex/latex/vntex/t5enc.dfu
File: t5enc.dfu 2006/08/19 v1.1 UTF8 support for Vietnamese
   defining Unicode char U+00AB (decimal 171)
   defining Unicode char U+00BB (decimal 187)
   defining Unicode char U+00C0 (decimal 192)
   defining Unicode char U+00C1 (decimal 193)
   defining Unicode char U+00C2 (decimal 194)
   defining Unicode char U+00C3 (decimal 195)
   defining Unicode char U+00C8 (decimal 200)
   defining Unicode char U+00C9 (decimal 201)
   defining Unicode char U+00CA (decimal 202)
   defining Unicode char U+00CC (decimal 204)
   defining Unicode char U+00CD (decimal 205)
   defining Unicode char U+00D2 (decimal 210)
   defining Unicode char U+00D3 (decimal 211)
   defining Unicode char U+00D4 (decimal 212)
   defining Unicode char U+00D5 (decimal 213)
   defining Unicode char U+00D9 (decimal 217)
   defining Unicode char U+00DA (decimal 218)
   defining Unicode char U+00DD (decimal 221)
   defining Unicode char U+00E0 (decimal 224)
   defining Unicode char U+00E1 (decimal 225)
   defining Unicode char U+00E2 (decimal 226)
   defining Unicode char U+00E3 (decimal 227)
   defining Unicode char U+00E8 (decimal 232)
   defining Unicode char U+00E9 (decimal 233)
   defining Unicode char U+00EA (decimal 234)
   defining Unicode char U+00EC (decimal 236)
   defining Unicode char U+00ED (decimal 237)
   defining Unicode char U+00F2 (decimal 242)
   defining Unicode char U+00F3 (decimal 243)
   defining Unicode char U+00F4 (decimal 244)
   defining Unicode char U+00F5 (decimal 245)
   defining Unicode char U+00F9 (decimal 249)
   defining Unicode char U+00FA (decimal 250)
   defining Unicode char U+00FD (decimal 253)
   defining Unicode char U+0102 (decimal 258)
   defining Unicode char U+0103 (decimal 259)
   defining Unicode char U+0110 (decimal 272)
   defining Unicode char U+0111 (decimal 273)
   defining Unicode char U+0128 (decimal 296)
   defining Unicode char U+0129 (decimal 297)
   defining Unicode char U+0131 (decimal 305)
   defining Unicode char U+0168 (decimal 360)
   defining Unicode char U+0169 (decimal 361)
   defining Unicode char U+01A0 (decimal 416)
   defining Unicode char U+01A1 (decimal 417)
   defining Unicode char U+01AF (decimal 431)
   defining Unicode char U+01B0 (decimal 432)
   defining Unicode char U+1EA0 (decimal 7840)
   defining Unicode char U+1EA1 (decimal 7841)
   defining Unicode char U+1EA2 (decimal 7842)
   defining Unicode char U+1EA3 (decimal 7843)
   defining Unicode char U+1EA4 (decimal 7844)
   defining Unicode char U+1EA5 (decimal 7845)
   defining Unicode char U+1EA6 (decimal 7846)
   defining Unicode char U+1EA7 (decimal 7847)
   defining Unicode char U+1EA8 (decimal 7848)
   defining Unicode char U+1EA9 (decimal 7849)
   defining Unicode char U+1EAA (decimal 7850)
   defining Unicode char U+1EAB (decimal 7851)
   defining Unicode char U+1EAC (decimal 7852)
   defining Unicode char U+1EAD (decimal 7853)
   defining Unicode char U+1EAE (decimal 7854)
   defining Unicode char U+1EAF (decimal 7855)
   defining Unicode char U+1EB0 (decimal 7856)
   defining Unicode char U+1EB1 (decimal 7857)
   defining Unicode char U+1EB2 (decimal 7858)
   defining Unicode char U+1EB3 (decimal 7859)
   defining Unicode char U+1EB4 (decimal 7860)
   defining Unicode char U+1EB5 (decimal 7861)
   defining Unicode char U+1EB6 (decimal 7862)
   defining Unicode char U+1EB7 (decimal 7863)
   defining Unicode char U+1EB8 (decimal 7864)
   defining Unicode char U+1EB9 (decimal 7865)
   defining Unicode char U+1EBA (decimal 7866)
   defining Unicode char U+1EBB (decimal 7867)
   defining Unicode char U+1EBC (decimal 7868)
   defining Unicode char U+1EBD (decimal 7869)
   defining Unicode char U+1EBE (decimal 7870)
   defining Unicode char U+1EBF (decimal 7871)
   defining Unicode char U+1EC0 (decimal 7872)
   defining Unicode char U+1EC1 (decimal 7873)
   defining Unicode char U+1EC2 (decimal 7874)
   defining Unicode char U+1EC3 (decimal 7875)
   defining Unicode char U+1EC4 (decimal 7876)
   defining Unicode char U+1EC5 (decimal 7877)
   defining Unicode char U+1EC6 (decimal 7878)
   defining Unicode char U+1EC7 (decimal 7879)
   defining Unicode char U+1EC8 (decimal 7880)
   defining Unicode char U+1EC9 (decimal 7881)
   defining Unicode char U+1ECA (decimal 7882)
   defining Unicode char U+1ECB (decimal 7883)
   defining Unicode char U+1ECC (decimal 7884)
   defining Unicode char U+1ECD (decimal 7885)
   defining Unicode char U+1ECE (decimal 7886)
   defining Unicode char U+1ECF (decimal 7887)
   defining Unicode char U+1ED0 (decimal 7888)
   defining Unicode char U+1ED1 (decimal 7889)
   defining Unicode char U+1ED2 (decimal 7890)
   defining Unicode char U+1ED3 (decimal 7891)
   defining Unicode char U+1ED4 (decimal 7892)
   defining Unicode char U+1ED5 (decimal 7893)
   defining Unicode char U+1ED6 (decimal 7894)
   defining Unicode char U+1ED7 (decimal 7895)
   defining Unicode char U+1ED8 (decimal 7896)
   defining Unicode char U+1ED9 (decimal 7897)
   defining Unicode char U+1EDA (decimal 7898)
   defining Unicode char U+1EDB (decimal 7899)
   defining Unicode char U+1EDC (decimal 7900)
   defining Unicode char U+1EDD (decimal 7901)
   defining Unicode char U+1EDE (decimal 7902)
   defining Unicode char U+1EDF (decimal 7903)
   defining Unicode char U+1EE0 (decimal 7904)
   defining Unicode char U+1EE1 (decimal 7905)
   defining Unicode char U+1EE2 (decimal 7906)
   defining Unicode char U+1EE3 (decimal 7907)
   defining Unicode char U+1EE4 (decimal 7908)
   defining Unicode char U+1EE5 (decimal 7909)
   defining Unicode char U+1EE6 (decimal 7910)
   defining Unicode char U+1EE7 (decimal 7911)
   defining Unicode char U+1EE8 (decimal 7912)
   defining Unicode char U+1EE9 (decimal 7913)
   defining Unicode char U+1EEA (decimal 7914)
   defining Unicode char U+1EEB (decimal 7915)
   defining Unicode char U+1EEC (decimal 7916)
   defining Unicode char U+1EED (decimal 7917)
   defining Unicode char U+1EEE (decimal 7918)
   defining Unicode char U+1EEF (decimal 7919)
   defining Unicode char U+1EF0 (decimal 7920)
   defining Unicode char U+1EF1 (decimal 7921)
   defining Unicode char U+1EF2 (decimal 7922)
   defining Unicode char U+1EF3 (decimal 7923)
   defining Unicode char U+1EF4 (decimal 7924)
   defining Unicode char U+1EF5 (decimal 7925)
   defining Unicode char U+1EF6 (decimal 7926)
   defining Unicode char U+1EF7 (decimal 7927)
   defining Unicode char U+1EF8 (decimal 7928)
   defining Unicode char U+1EF9 (decimal 7929)
   defining Unicode char U+200C (decimal 8204)
   defining Unicode char U+2013 (decimal 8211)
   defining Unicode char U+2014 (decimal 8212)
   defining Unicode char U+2018 (decimal 8216)
   defining Unicode char U+2019 (decimal 8217)
   defining Unicode char U+201A (decimal 8218)
   defining Unicode char U+201C (decimal 8220)
   defining Unicode char U+201D (decimal 8221)
   defining Unicode char U+201E (decimal 8222)
   defining Unicode char U+2030 (decimal 8240)
   defining Unicode char U+2031 (decimal 8241)
   defining Unicode char U+2039 (decimal 8249)
   defining Unicode char U+203A (decimal 8250)
   defining Unicode char U+2423 (decimal 9251)
))

Package babel Warning: No input encoding specified for Vietnamese on input line 146.

Package babel Info: Making " an active character on input line 147.
)) (/usr/local/texlive/2022/texmf-dist/tex/latex/beamer/beamerfontthemeserif.sty) (/usr/local/texlive/2022/texmf-dist/tex/latex/tex-gyre/tgbonum.sty
Package: tgbonum 2009/09/27 v1.2 TeX Gyre Bonum as default roman family
) (/usr/local/texlive/2022/texmf-dist/tex/latex/beamertheme-metropolis/beamerthememetropolis.sty
Package: beamerthememetropolis 2017/01/23 v1.2 Metropolis Beamer theme
 (/usr/local/texlive/2022/texmf-dist/tex/latex/pgfopts/pgfopts.sty
Package: pgfopts 2014/07/10 v2.1a LaTeX package options with pgfkeys
\pgfopts@list@add@a@toks=\toks45
\pgfopts@list@add@b@toks=\toks46
) (/usr/local/texlive/2022/texmf-dist/tex/latex/beamertheme-metropolis/beamerinnerthememetropolis.sty
Package: beamerinnerthememetropolis 2017/01/23 Metropolis inner theme
 (/usr/local/texlive/2022/texmf-dist/tex/latex/tools/calc.sty
Package: calc 2017/05/25 v4.3 Infix arithmetic (KKT,FJ)
\calc@Acount=\count335
\calc@Bcount=\count336
\calc@Adimen=\dimen293
\calc@Bdimen=\dimen294
\calc@Askip=\skip64
\calc@Bskip=\skip65
LaTeX Info: Redefining \setlength on input line 80.
LaTeX Info: Redefining \addtolength on input line 81.
\calc@Ccount=\count337
\calc@Cskip=\skip66
) (/usr/local/texlive/2022/texmf-dist/tex/latex/pgf/frontendlayer/tikz.sty (/usr/local/texlive/2022/texmf-dist/tex/latex/pgf/basiclayer/pgf.sty
Package: pgf 2021/05/15 v3.1.9a (3.1.9a)
 (/usr/local/texlive/2022/texmf-dist/tex/generic/pgf/modules/pgfmoduleshapes.code.tex
File: pgfmoduleshapes.code.tex 2021/05/15 v3.1.9a (3.1.9a)
\pgfnodeparttextbox=\box75
) (/usr/local/texlive/2022/texmf-dist/tex/generic/pgf/modules/pgfmoduleplot.code.tex
File: pgfmoduleplot.code.tex 2021/05/15 v3.1.9a (3.1.9a)
) (/usr/local/texlive/2022/texmf-dist/tex/latex/pgf/compatibility/pgfcomp-version-0-65.sty
Package: pgfcomp-version-0-65 2021/05/15 v3.1.9a (3.1.9a)
\pgf@nodesepstart=\dimen295
\pgf@nodesepend=\dimen296
) (/usr/local/texlive/2022/texmf-dist/tex/latex/pgf/compatibility/pgfcomp-version-1-18.sty
Package: pgfcomp-version-1-18 2021/05/15 v3.1.9a (3.1.9a)
)) (/usr/local/texlive/2022/texmf-dist/tex/latex/pgf/utilities/pgffor.sty (/usr/local/texlive/2022/texmf-dist/tex/generic/pgf/utilities/pgffor.code.tex
Package: pgffor 2021/05/15 v3.1.9a (3.1.9a)
 (/usr/local/texlive/2022/texmf-dist/tex/generic/pgf/math/pgfmath.code.tex)
\pgffor@iter=\dimen297
\pgffor@skip=\dimen298
\pgffor@stack=\toks47
\pgffor@toks=\toks48
)) (/usr/local/texlive/2022/texmf-dist/tex/generic/pgf/frontendlayer/tikz/tikz.code.tex
Package: tikz 2021/05/15 v3.1.9a (3.1.9a)
 (/usr/local/texlive/2022/texmf-dist/tex/generic/pgf/libraries/pgflibraryplothandlers.code.tex
File: pgflibraryplothandlers.code.tex 2021/05/15 v3.1.9a (3.1.9a)
\pgf@plot@mark@count=\count338
\pgfplotmarksize=\dimen299
)
\tikz@lastx=\dimen300
\tikz@lasty=\dimen301
\tikz@lastxsaved=\dimen302
\tikz@lastysaved=\dimen303
\tikz@lastmovetox=\dimen304
\tikz@lastmovetoy=\dimen305
\tikzleveldistance=\dimen306
\tikzsiblingdistance=\dimen307
\tikz@figbox=\box76
\tikz@figbox@bg=\box77
\tikz@tempbox=\box78
\tikz@tempbox@bg=\box79
\tikztreelevel=\count339
\tikznumberofchildren=\count340
\tikznumberofcurrentchild=\count341
\tikz@fig@count=\count342
 (/usr/local/texlive/2022/texmf-dist/tex/generic/pgf/modules/pgfmodulematrix.code.tex
File: pgfmodulematrix.code.tex 2021/05/15 v3.1.9a (3.1.9a)
\pgfmatrixcurrentrow=\count343
\pgfmatrixcurrentcolumn=\count344
\pgf@matrix@numberofcolumns=\count345
)
\tikz@expandcount=\count346
 (/usr/local/texlive/2022/texmf-dist/tex/generic/pgf/frontendlayer/tikz/libraries/tikzlibrarytopaths.code.tex
File: tikzlibrarytopaths.code.tex 2021/05/15 v3.1.9a (3.1.9a)
)))
\metropolis@titleseparator@linewidth=\skip67
\metropolis@progressonsectionpage=\skip68
\metropolis@progressonsectionpage@linewidth=\skip69
\metropolis@blocksep=\skip70
\metropolis@blockadjust=\skip71
\metropolis@parskip=\skip72
) (/usr/local/texlive/2022/texmf-dist/tex/latex/beamertheme-metropolis/beamerouterthememetropolis.sty
Package: beamerouterthememetropolis 2017/01/23 Metropolis outer theme
\metropolis@frametitle@padding=\skip73
\metropolis@progressinheadfoot=\skip74
\metropolis@progressinheadfoot@linewidth=\skip75
) (/usr/local/texlive/2022/texmf-dist/tex/latex/beamertheme-metropolis/beamercolorthememetropolis.sty
Package: beamercolorthememetropolis 2017/01/23 Metropolis color theme
) (/usr/local/texlive/2022/texmf-dist/tex/latex/beamertheme-metropolis/beamerfontthememetropolis.sty
Package: beamerfontthememetropolis 2017/01/23 Metropolis font theme
 (/usr/local/texlive/2022/texmf-dist/tex/generic/iftex/ifxetex.sty
Package: ifxetex 2019/10/25 v0.7 ifxetex legacy package. Use iftex instead.
) (/usr/local/texlive/2022/texmf-dist/tex/generic/iftex/ifluatex.sty
Package: ifluatex 2019/10/25 v1.5 ifluatex legacy package. Use iftex instead.
)

Package beamerthememetropolis Warning: You need to compile with XeLaTeX or LuaLaTeX to use the Fira fonts on input line 95.

)) (/usr/local/texlive/2022/texmf-dist/tex/latex/beamer/beamercolorthemespruce.sty) (/usr/local/texlive/2022/texmf-dist/tex/latex/beamer/beamercolorthemestructure.sty) (/usr/local/texlive/2022/texmf-dist/tex/latex/ragged2e/ragged2e.sty
Package: ragged2e 2021/12/15 v3.1 ragged2e Package
\CenteringLeftskip=\skip76
\RaggedLeftLeftskip=\skip77
\RaggedRightLeftskip=\skip78
\CenteringRightskip=\skip79
\RaggedLeftRightskip=\skip80
\RaggedRightRightskip=\skip81
\CenteringParfillskip=\skip82
\RaggedLeftParfillskip=\skip83
\RaggedRightParfillskip=\skip84
\JustifyingParfillskip=\skip85
\CenteringParindent=\skip86
\RaggedLeftParindent=\skip87
\RaggedRightParindent=\skip88
\JustifyingParindent=\skip89
) (/usr/local/texlive/2022/texmf-dist/tex/latex/environ/environ.sty
Package: environ 2014/05/04 v0.3 A new way to define environments
 (/usr/local/texlive/2022/texmf-dist/tex/latex/trimspaces/trimspaces.sty
Package: trimspaces 2009/09/17 v1.1 Trim spaces around a token list
)) (/usr/local/texlive/2022/texmf-dist/tex/latex/tools/array.sty
Package: array 2021/10/04 v2.5f Tabular extension package (FMi)
\col@sep=\dimen308
\ar@mcellbox=\box80
\extrarowheight=\dimen309
\NC@list=\toks49
\extratabsurround=\skip90
\backup@length=\skip91
\ar@cellbox=\box81
) (/usr/local/texlive/2022/texmf-dist/tex/latex/booktabs/booktabs.sty
Package: booktabs 2020/01/12 v1.61803398 Publication quality tables
\heavyrulewidth=\dimen310
\lightrulewidth=\dimen311
\cmidrulewidth=\dimen312
\belowrulesep=\dimen313
\belowbottomsep=\dimen314
\aboverulesep=\dimen315
\abovetopsep=\dimen316
\cmidrulesep=\dimen317
\cmidrulekern=\dimen318
\defaultaddspace=\dimen319
\@cmidla=\count347
\@cmidlb=\count348
\@aboverulesep=\dimen320
\@belowrulesep=\dimen321
\@thisruleclass=\count349
\@lastruleclass=\count350
\@thisrulewidth=\dimen322
) (/usr/local/texlive/2022/texmf-dist/tex/latex/caption/subcaption.sty
Package: subcaption 2022/01/07 v1.5 Sub-captions (AR)
 (/usr/local/texlive/2022/texmf-dist/tex/latex/caption/caption.sty
Package: caption 2022/03/01 v3.6b Customizing captions (AR)
 (/usr/local/texlive/2022/texmf-dist/tex/latex/caption/caption3.sty
Package: caption3 2022/03/17 v2.3b caption3 kernel (AR)
\caption@tempdima=\dimen323
\captionmargin=\dimen324
\caption@leftmargin=\dimen325
\caption@rightmargin=\dimen326
\caption@width=\dimen327
\caption@indent=\dimen328
\caption@parindent=\dimen329
\caption@hangindent=\dimen330
Package caption Info: beamer document class detected.
 (/usr/local/texlive/2022/texmf-dist/tex/latex/caption/caption-beamer.sto
File: caption-beamer.sto 2022/01/06 v2.0c Adaption of the caption package to the beamer document classes (AR)
))
\c@caption@flags=\count351
\c@continuedfloat=\count352
Package caption Info: hyperref package is loaded.
Package caption Info: Hyperref support is turned off
(caption)             because hyperref has stopped early.
)
\c@subfigure=\count353
\c@subtable=\count354
)

Package hyperref Warning: Token not allowed in a PDF string (Unicode):
(hyperref)                removing `\\' on input line 52.


Package hyperref Warning: Token not allowed in a PDF string (Unicode):
(hyperref)                removing `\\' on input line 52.

(/usr/local/texlive/2022/texmf-dist/tex/latex/l3backend/l3backend-pdftex.def
File: l3backend-pdftex.def 2022-02-07 L3 backend support: PDF output (pdfTeX)
\l__color_backend_stack_int=\count355
\l__pdf_internal_box=\box82
) (./AI.aux
LaTeX Font Info:    Trying to load font information for T5+cmss on input line 22.
 (/usr/local/texlive/2022/texmf-dist/tex/latex/vntex/t5cmss.fd
File: t5cmss.fd 1999/05/25 v2.5h Standard LaTeX font definitions
)

LaTeX Warning: Label `tab:table-1' multiply defined.

)
\openout1 = `AI.aux'.

LaTeX Font Info:    Checking defaults for OML/cmm/m/it on input line 90.
LaTeX Font Info:    ... okay on input line 90.
LaTeX Font Info:    Checking defaults for OMS/cmsy/m/n on input line 90.
LaTeX Font Info:    ... okay on input line 90.
LaTeX Font Info:    Checking defaults for OT1/cmr/m/n on input line 90.
LaTeX Font Info:    ... okay on input line 90.
LaTeX Font Info:    Checking defaults for T1/cmr/m/n on input line 90.
LaTeX Font Info:    ... okay on input line 90.
LaTeX Font Info:    Checking defaults for TS1/cmr/m/n on input line 90.
LaTeX Font Info:    ... okay on input line 90.
LaTeX Font Info:    Checking defaults for OMX/cmex/m/n on input line 90.
LaTeX Font Info:    ... okay on input line 90.
LaTeX Font Info:    Checking defaults for U/cmr/m/n on input line 90.
LaTeX Font Info:    ... okay on input line 90.
LaTeX Font Info:    Checking defaults for PD1/pdf/m/n on input line 90.
LaTeX Font Info:    ... okay on input line 90.
LaTeX Font Info:    Checking defaults for PU/pdf/m/n on input line 90.
LaTeX Font Info:    ... okay on input line 90.
LaTeX Font Info:    Checking defaults for T5/cmr/m/n on input line 90.
LaTeX Font Info:    Trying to load font information for T5+cmr on input line 90.
 (/usr/local/texlive/2022/texmf-dist/tex/latex/vntex/t5cmr.fd
File: t5cmr.fd 1999/05/25 v2.5h Standard LaTeX font definitions
)
LaTeX Font Info:    ... okay on input line 90.

*geometry* driver: auto-detecting
*geometry* detected driver: pdftex
*geometry* verbose mode - [ preamble ] result:
* driver: pdftex
* paper: custom
* layout: <same size as paper>
* layoutoffset:(h,v)=(0.0pt,0.0pt)
* modes: includehead includefoot 
* h-part:(L,W,R)=(28.45274pt, 307.28987pt, 28.45274pt)
* v-part:(T,H,B)=(0.0pt, 273.14662pt, 0.0pt)
* \paperwidth=364.19536pt
* \paperheight=273.14662pt
* \textwidth=307.28987pt
* \textheight=244.6939pt
* \oddsidemargin=-43.81725pt
* \evensidemargin=-43.81725pt
* \topmargin=-72.26999pt
* \headheight=14.22636pt
* \headsep=0.0pt
* \topskip=11.0pt
* \footskip=14.22636pt
* \marginparwidth=4.0pt
* \marginparsep=10.0pt
* \columnsep=10.0pt
* \skip\footins=10.0pt plus 4.0pt minus 2.0pt
* \hoffset=0.0pt
* \voffset=0.0pt
* \mag=1000
* \@twocolumnfalse
* \@twosidefalse
* \@mparswitchfalse
* \@reversemarginfalse
* (1in=72.27pt=25.4mm, 1cm=28.453pt)

(/usr/local/texlive/2022/texmf-dist/tex/context/base/mkii/supp-pdf.mkii
[Loading MPS to PDF converter (version 2006.09.02).]
\scratchcounter=\count356
\scratchdimen=\dimen331
\scratchbox=\box83
\nofMPsegments=\count357
\nofMParguments=\count358
\everyMPshowfont=\toks50
\MPscratchCnt=\count359
\MPscratchDim=\dimen332
\MPnumerator=\count360
\makeMPintoPDFobject=\count361
\everyMPtoPDFconversion=\toks51
) (/usr/local/texlive/2022/texmf-dist/tex/latex/epstopdf-pkg/epstopdf-base.sty
Package: epstopdf-base 2020-01-24 v2.11 Base part for package epstopdf
Package epstopdf-base Info: Redefining graphics rule for `.eps' on input line 485.
 (/usr/local/texlive/2022/texmf-dist/tex/latex/latexconfig/epstopdf-sys.cfg
File: epstopdf-sys.cfg 2010/07/13 v1.3 Configuration of (r)epstopdf for TeX Live
))
Package hyperref Info: Link coloring OFF on input line 90.
 (/usr/local/texlive/2022/texmf-dist/tex/latex/hyperref/nameref.sty
Package: nameref 2021-04-02 v2.47 Cross-referencing by name of section
 (/usr/local/texlive/2022/texmf-dist/tex/latex/refcount/refcount.sty
Package: refcount 2019/12/15 v3.6 Data extraction from label references (HO)
) (/usr/local/texlive/2022/texmf-dist/tex/generic/gettitlestring/gettitlestring.sty
Package: gettitlestring 2019/12/15 v1.6 Cleanup title references (HO)
)
\c@section@level=\count362
)
LaTeX Info: Redefining \ref on input line 90.
LaTeX Info: Redefining \pageref on input line 90.
LaTeX Info: Redefining \nameref on input line 90.
 (./AI.out) (./AI.out)
\@outlinefile=\write5
\openout5 = `AI.out'.

\symnumbers=\mathgroup6
\sympureletters=\mathgroup7
LaTeX Font Info:    Overwriting math alphabet `\mathrm' in version `normal'
(Font)                  OT1/cmr/m/n --> OT1/qbk/m/n on input line 90.
LaTeX Font Info:    Redeclaring math alphabet \mathbf on input line 90.
LaTeX Font Info:    Overwriting math alphabet `\mathbf' in version `normal'
(Font)                  OT1/cmr/bx/n --> OT1/qbk/b/n on input line 90.
LaTeX Font Info:    Overwriting math alphabet `\mathbf' in version `bold'
(Font)                  OT1/cmr/bx/n --> OT1/qbk/b/n on input line 90.
LaTeX Font Info:    Redeclaring math alphabet \mathsf on input line 90.
LaTeX Font Info:    Overwriting math alphabet `\mathsf' in version `normal'
(Font)                  OT1/cmss/m/n --> OT1/cmss/m/n on input line 90.
LaTeX Font Info:    Overwriting math alphabet `\mathsf' in version `bold'
(Font)                  OT1/cmss/bx/n --> OT1/cmss/m/n on input line 90.
LaTeX Font Info:    Redeclaring math alphabet \mathit on input line 90.
LaTeX Font Info:    Overwriting math alphabet `\mathit' in version `normal'
(Font)                  OT1/cmr/m/it --> OT1/qbk/m/it on input line 90.
LaTeX Font Info:    Overwriting math alphabet `\mathit' in version `bold'
(Font)                  OT1/cmr/bx/it --> OT1/qbk/m/it on input line 90.
LaTeX Font Info:    Redeclaring math alphabet \mathtt on input line 90.
LaTeX Font Info:    Overwriting math alphabet `\mathtt' in version `normal'
(Font)                  OT1/cmtt/m/n --> OT1/cmtt/m/n on input line 90.
LaTeX Font Info:    Overwriting math alphabet `\mathtt' in version `bold'
(Font)                  OT1/cmtt/m/n --> OT1/cmtt/m/n on input line 90.
LaTeX Font Info:    Overwriting symbol font `numbers' in version `bold'
(Font)                  OT1/qbk/m/n --> OT1/qbk/b/n on input line 90.
LaTeX Font Info:    Overwriting symbol font `pureletters' in version `bold'
(Font)                  OT1/qbk/m/it --> OT1/qbk/b/it on input line 90.
LaTeX Font Info:    Overwriting math alphabet `\mathrm' in version `bold'
(Font)                  OT1/cmr/bx/n --> OT1/qbk/b/n on input line 90.
LaTeX Font Info:    Overwriting math alphabet `\mathbf' in version `bold'
(Font)                  OT1/qbk/b/n --> OT1/qbk/b/n on input line 90.
LaTeX Font Info:    Overwriting math alphabet `\mathsf' in version `bold'
(Font)                  OT1/cmss/m/n --> OT1/cmss/b/n on input line 90.
LaTeX Font Info:    Overwriting math alphabet `\mathit' in version `bold'
(Font)                  OT1/qbk/m/it --> OT1/qbk/b/it on input line 90.
LaTeX Font Info:    Overwriting math alphabet `\mathtt' in version `bold'
(Font)                  OT1/cmtt/m/n --> OT1/cmtt/b/n on input line 90.
 (/usr/local/texlive/2022/texmf-dist/tex/latex/translator/translator-basic-dictionary-English.dict
Dictionary: translator-basic-dictionary, Language: English 
) (/usr/local/texlive/2022/texmf-dist/tex/latex/translator/translator-bibliography-dictionary-English.dict
Dictionary: translator-bibliography-dictionary, Language: English 
) (/usr/local/texlive/2022/texmf-dist/tex/latex/translator/translator-environment-dictionary-English.dict
Dictionary: translator-environment-dictionary, Language: English 
) (/usr/local/texlive/2022/texmf-dist/tex/latex/translator/translator-months-dictionary-English.dict
Dictionary: translator-months-dictionary, Language: English 
) (/usr/local/texlive/2022/texmf-dist/tex/latex/translator/translator-numbers-dictionary-English.dict
Dictionary: translator-numbers-dictionary, Language: English 
) (/usr/local/texlive/2022/texmf-dist/tex/latex/translator/translator-theorem-dictionary-English.dict
Dictionary: translator-theorem-dictionary, Language: English 
)
Package caption Info: Begin \AtBeginDocument code.
Package caption Info: End \AtBeginDocument code.
 (./AI.nav)

LaTeX Font Warning: Font shape `T5/cmss/b/n' undefined
(Font)              using `T5/cmss/bx/n' instead on input line 96.


Underfull \hbox (badness 10000) in paragraph at lines 96--96

 []


Overfull \vbox (47.30008pt too high) detected at line 96
 []

[1

{/usr/local/texlive/2022/texmf-var/fonts/map/pdftex/updmap/pdftex.map}]

LaTeX Font Warning: Font shape `T5/cmss/b/n' undefined
(Font)              using `T5/cmss/bx/n' instead on input line 128.


LaTeX Font Warning: Font shape `T5/cmss/b/n' undefined
(Font)              using `T5/cmss/bx/n' instead on input line 128.


LaTeX Font Warning: Font shape `T5/cmss/m/it' in size <10.95> not available
(Font)              Font shape `T5/cmss/m/sl' tried instead on input line 128.

LaTeX Font Info:    Trying to load font information for U+msa on input line 128.
(/usr/local/texlive/2022/texmf-dist/tex/latex/amsfonts/umsa.fd
File: umsa.fd 2013/01/14 v3.01 AMS symbols A
)
LaTeX Font Info:    Trying to load font information for U+msb on input line 128.
 (/usr/local/texlive/2022/texmf-dist/tex/latex/amsfonts/umsb.fd
File: umsb.fd 2013/01/14 v3.01 AMS symbols B
)
LaTeX Font Info:    Trying to load font information for OT1+qbk on input line 128.
 (/usr/local/texlive/2022/texmf-dist/tex/latex/tex-gyre/ot1qbk.fd
File: ot1qbk.fd 2009/09/25 v1.2 font definition file for OT1/qbk
)

LaTeX Font Warning: Font shape `T5/cmss/b/n' undefined
(Font)              using `T5/cmss/bx/n' instead on input line 128.

<Image/IoT_QR.png, id=42, 2107.875pt x 2107.875pt>
File: Image/IoT_QR.png Graphic file (type png)
<use Image/IoT_QR.png>
Package pdftex.def Info: Image/IoT_QR.png  used on input line 128.
(pdftex.def)             Requested size: 153.64493pt x 153.64523pt.

LaTeX Font Warning: Font shape `T5/cmss/b/n' undefined
(Font)              using `T5/cmss/bx/n' instead on input line 128.


Overfull \vbox (10.6063pt too high) detected at line 128
 []

[2

 <./Image/IoT_QR.png>] (./AI.toc)

LaTeX Font Warning: Font shape `T5/cmss/b/n' undefined
(Font)              using `T5/cmss/bx/n' instead on input line 135.

[3

]

LaTeX Font Warning: Font shape `T5/cmss/b/n' undefined
(Font)              using `T5/cmss/bx/n' instead on input line 138.


LaTeX Font Warning: Font shape `T5/cmss/b/n' undefined
(Font)              using `T5/cmss/bx/n' instead on input line 138.

[4

]

LaTeX Font Warning: Font shape `T5/cmss/b/n' undefined
(Font)              using `T5/cmss/bx/n' instead on input line 153.

[5

]

LaTeX Font Warning: Font shape `T5/cmss/b/n' undefined
(Font)              using `T5/cmss/bx/n' instead on input line 161.

[6

]

LaTeX Font Warning: Font shape `T5/cmss/b/n' undefined
(Font)              using `T5/cmss/bx/n' instead on input line 163.


LaTeX Font Warning: Font shape `T5/cmss/b/n' undefined
(Font)              using `T5/cmss/bx/n' instead on input line 163.

[7

]
<Fig. 1 Zero-cross-detection method.PNG, id=90, 1248.16313pt x 268.00125pt>
File: Fig. 1 Zero-cross-detection method.PNG Graphic file (type png)
<use Fig. 1 Zero-cross-detection method.PNG>
Package pdftex.def Info: Fig. 1 Zero-cross-detection method.PNG  used on input line 175.
(pdftex.def)             Requested size: 307.28987pt x 65.9778pt.


LaTeX Font Warning: Font shape `T5/cmss/b/n' undefined
(Font)              using `T5/cmss/bx/n' instead on input line 175.


LaTeX Font Warning: Font shape `T5/cmss/b/n' undefined
(Font)              using `T5/cmss/bx/n' instead on input line 175.


LaTeX Font Warning: Font shape `T5/cmss/m/it' in size <10> not available
(Font)              Font shape `T5/cmss/m/sl' tried instead on input line 175.


LaTeX Font Warning: Font shape `T5/cmss/b/n' undefined
(Font)              using `T5/cmss/bx/n' instead on input line 175.


LaTeX Font Warning: Font shape `T5/cmss/b/n' undefined
(Font)              using `T5/cmss/bx/n' instead on input line 175.


LaTeX Font Warning: Font shape `T5/cmss/b/n' undefined
(Font)              using `T5/cmss/bx/n' instead on input line 175.

[8

 <./Fig. 1 Zero-cross-detection method.PNG>]
<Fig. 2 Flowchart of zero-cross-detection method.png, id=102, 606.01407pt x 517.18219pt>
File: Fig. 2 Flowchart of zero-cross-detection method.png Graphic file (type png)
<use Fig. 2 Flowchart of zero-cross-detection method.png>
Package pdftex.def Info: Fig. 2 Flowchart of zero-cross-detection method.png  used on input line 208.
(pdftex.def)             Requested size: 153.64493pt x 131.11818pt.


LaTeX Font Warning: Font shape `T5/cmss/b/n' undefined
(Font)              using `T5/cmss/bx/n' instead on input line 208.


LaTeX Font Warning: Font shape `T5/cmss/b/n' undefined
(Font)              using `T5/cmss/bx/n' instead on input line 208.


LaTeX Font Warning: Font shape `T5/cmss/b/n' undefined
(Font)              using `T5/cmss/bx/n' instead on input line 208.


LaTeX Font Warning: Font shape `T5/cmss/b/n' undefined
(Font)              using `T5/cmss/bx/n' instead on input line 208.


LaTeX Font Warning: Font shape `T5/cmss/b/n' undefined
(Font)              using `T5/cmss/bx/n' instead on input line 208.

[9

 <./Fig. 2 Flowchart of zero-cross-detection method.png>]

LaTeX Font Warning: Font shape `T5/cmss/b/n' undefined
(Font)              using `T5/cmss/bx/n' instead on input line 219.

[10

]

LaTeX Font Warning: Font shape `T5/cmss/b/n' undefined
(Font)              using `T5/cmss/bx/n' instead on input line 222.


LaTeX Font Warning: Font shape `T5/cmss/b/n' undefined
(Font)              using `T5/cmss/bx/n' instead on input line 222.

[11

]
LaTeX Font Info:    Trying to load font information for TS1+cmss on input line 241.
 (/usr/local/texlive/2022/texmf-dist/tex/latex/base/ts1cmss.fd
File: ts1cmss.fd 2019/12/16 v2.5j Standard LaTeX font definitions
)

LaTeX Font Warning: Font shape `T5/cmss/b/n' undefined
(Font)              using `T5/cmss/bx/n' instead on input line 241.


LaTeX Font Warning: Font shape `T5/cmss/b/n' undefined
(Font)              using `T5/cmss/bx/n' instead on input line 241.

<Fig. 3 Virtual two-phase detector.PNG, id=121, 1222.5675pt x 422.32782pt>
File: Fig. 3 Virtual two-phase detector.PNG Graphic file (type png)
<use Fig. 3 Virtual two-phase detector.PNG>
Package pdftex.def Info: Fig. 3 Virtual two-phase detector.PNG  used on input line 241.
(pdftex.def)             Requested size: 307.28987pt x 106.14877pt.
File: Fig. 3 Virtual two-phase detector.PNG Graphic file (type png)
<use Fig. 3 Virtual two-phase detector.PNG>
Package pdftex.def Info: Fig. 3 Virtual two-phase detector.PNG  used on input line 241.
(pdftex.def)             Requested size: 307.28987pt x 106.14877pt.

LaTeX Font Warning: Font shape `T5/cmss/b/n' undefined
(Font)              using `T5/cmss/bx/n' instead on input line 241.


LaTeX Font Warning: Font shape `T5/cmss/b/n' undefined
(Font)              using `T5/cmss/bx/n' instead on input line 241.


LaTeX Font Warning: Font shape `T5/cmss/b/n' undefined
(Font)              using `T5/cmss/bx/n' instead on input line 241.


LaTeX Font Warning: Font shape `T5/cmss/b/n' undefined
(Font)              using `T5/cmss/bx/n' instead on input line 241.


LaTeX Font Warning: Font shape `T5/cmss/b/n' undefined
(Font)              using `T5/cmss/bx/n' instead on input line 241.


Overfull \vbox (15.05199pt too high) detected at line 241
 []

[12

 <./Fig. 3 Virtual two-phase detector.PNG>]

LaTeX Font Warning: Font shape `T5/cmss/b/n' undefined
(Font)              using `T5/cmss/bx/n' instead on input line 264.

[13

]
<Fig. 4 Method using memory table.png, id=138, 1209.76968pt x 516.42938pt>
File: Fig. 4 Method using memory table.png Graphic file (type png)
<use Fig. 4 Method using memory table.png>
Package pdftex.def Info: Fig. 4 Method using memory table.png  used on input line 286.
(pdftex.def)             Requested size: 215.10196pt x 91.81854pt.


LaTeX Font Warning: Font shape `T5/cmss/b/n' undefined
(Font)              using `T5/cmss/bx/n' instead on input line 286.


LaTeX Font Warning: Font shape `T5/cmss/b/n' undefined
(Font)              using `T5/cmss/bx/n' instead on input line 286.


LaTeX Font Warning: Font shape `T5/cmss/b/n' undefined
(Font)              using `T5/cmss/bx/n' instead on input line 286.


LaTeX Font Warning: Font shape `T5/cmss/b/n' undefined
(Font)              using `T5/cmss/bx/n' instead on input line 286.


LaTeX Font Warning: Font shape `T5/cmss/b/n' undefined
(Font)              using `T5/cmss/bx/n' instead on input line 286.


Overfull \vbox (35.07556pt too high) detected at line 286
 []

[14

 <./Fig. 4 Method using memory table.png>]
<Fig. 5 Method using estimated phase angle and amplitude.PNG, id=149, 919.93687pt x 526.96875pt>
File: Fig. 5 Method using estimated phase angle and amplitude.PNG Graphic file (type png)
<use Fig. 5 Method using estimated phase angle and amplitude.PNG>
Package pdftex.def Info: Fig. 5 Method using estimated phase angle and amplitude.PNG  used on input line 302.
(pdftex.def)             Requested size: 184.3758pt x 105.61702pt.


LaTeX Font Warning: Font shape `T5/cmss/b/n' undefined
(Font)              using `T5/cmss/bx/n' instead on input line 302.


LaTeX Font Warning: Font shape `T5/cmss/b/n' undefined
(Font)              using `T5/cmss/bx/n' instead on input line 302.


LaTeX Font Warning: Font shape `T5/cmss/b/n' undefined
(Font)              using `T5/cmss/bx/n' instead on input line 302.


LaTeX Font Warning: Font shape `T5/cmss/b/n' undefined
(Font)              using `T5/cmss/bx/n' instead on input line 302.


LaTeX Font Warning: Font shape `T5/cmss/b/n' undefined
(Font)              using `T5/cmss/bx/n' instead on input line 302.


Overfull \vbox (24.22899pt too high) detected at line 302
 []

[15

 <./Fig. 5 Method using estimated phase angle and amplitude.PNG>]
<Fig. 6 Method using second-order low-pass filter.PNG, id=157, 1206.75844pt x 532.23843pt>
File: Fig. 6 Method using second-order low-pass filter.PNG Graphic file (type png)
<use Fig. 6 Method using second-order low-pass filter.PNG>
Package pdftex.def Info: Fig. 6 Method using second-order low-pass filter.PNG  used on input line 327.
(pdftex.def)             Requested size: 215.10196pt x 94.86482pt.


LaTeX Font Warning: Font shape `T5/cmss/b/n' undefined
(Font)              using `T5/cmss/bx/n' instead on input line 327.


LaTeX Font Warning: Font shape `T5/cmss/b/n' undefined
(Font)              using `T5/cmss/bx/n' instead on input line 327.


LaTeX Font Warning: Font shape `T5/cmss/b/n' undefined
(Font)              using `T5/cmss/bx/n' instead on input line 327.


LaTeX Font Warning: Font shape `T5/cmss/b/n' undefined
(Font)              using `T5/cmss/bx/n' instead on input line 327.


LaTeX Font Warning: Font shape `T5/cmss/b/n' undefined
(Font)              using `T5/cmss/bx/n' instead on input line 327.


Overfull \vbox (19.04102pt too high) detected at line 327
 []

[16

 <./Fig. 6 Method using second-order low-pass filter.PNG>]
<Fig. 7 Method using first-order low-pass filter.PNG, id=166, 1209.76968pt x 532.99126pt>
File: Fig. 7 Method using first-order low-pass filter.PNG Graphic file (type png)
<use Fig. 7 Method using first-order low-pass filter.PNG>
Package pdftex.def Info: Fig. 7 Method using first-order low-pass filter.PNG  used on input line 345.
(pdftex.def)             Requested size: 215.10196pt x 94.76317pt.


LaTeX Font Warning: Font shape `T5/cmss/b/n' undefined
(Font)              using `T5/cmss/bx/n' instead on input line 345.


LaTeX Font Warning: Font shape `T5/cmss/b/n' undefined
(Font)              using `T5/cmss/bx/n' instead on input line 345.


LaTeX Font Warning: Font shape `T5/cmss/b/n' undefined
(Font)              using `T5/cmss/bx/n' instead on input line 345.


LaTeX Font Warning: Font shape `T5/cmss/b/n' undefined
(Font)              using `T5/cmss/bx/n' instead on input line 345.


LaTeX Font Warning: Font shape `T5/cmss/b/n' undefined
(Font)              using `T5/cmss/bx/n' instead on input line 345.


Overfull \vbox (32.44441pt too high) detected at line 345
 []

[17

 <./Fig. 7 Method using first-order low-pass filter.PNG>]
<Fig. 8 Method using all-pass filter.PNG, id=175, 1193.96063pt x 688.82344pt>
File: Fig. 8 Method using all-pass filter.PNG Graphic file (type png)
<use Fig. 8 Method using all-pass filter.PNG>
Package pdftex.def Info: Fig. 8 Method using all-pass filter.PNG  used on input line 369.
(pdftex.def)             Requested size: 215.10196pt x 124.08797pt.


LaTeX Font Warning: Font shape `T5/cmss/b/n' undefined
(Font)              using `T5/cmss/bx/n' instead on input line 369.


LaTeX Font Warning: Font shape `T5/cmss/b/n' undefined
(Font)              using `T5/cmss/bx/n' instead on input line 369.


LaTeX Font Warning: Font shape `T5/cmss/b/n' undefined
(Font)              using `T5/cmss/bx/n' instead on input line 369.


LaTeX Font Warning: Font shape `T5/cmss/b/n' undefined
(Font)              using `T5/cmss/bx/n' instead on input line 369.


LaTeX Font Warning: Font shape `T5/cmss/b/n' undefined
(Font)              using `T5/cmss/bx/n' instead on input line 369.


Overfull \vbox (7.56587pt too high) detected at line 369
 []

[18

 <./Fig. 8 Method using all-pass filter.PNG>]
File: Fig. 3 Virtual two-phase detector.PNG Graphic file (type png)
<use Fig. 3 Virtual two-phase detector.PNG>
Package pdftex.def Info: Fig. 3 Virtual two-phase detector.PNG  used on input line 395.
(pdftex.def)             Requested size: 307.28987pt x 106.14877pt.


LaTeX Font Warning: Font shape `T5/cmss/b/n' undefined
(Font)              using `T5/cmss/bx/n' instead on input line 395.

[19

]
<Fig. 9 Method using arctangent function.PNG, id=190, 1218.05063pt x 445.665pt>
File: Fig. 9 Method using arctangent function.PNG Graphic file (type png)
<use Fig. 9 Method using arctangent function.PNG>
Package pdftex.def Info: Fig. 9 Method using arctangent function.PNG  used on input line 410.
(pdftex.def)             Requested size: 307.28987pt x 112.42921pt.


LaTeX Font Warning: Font shape `T5/cmss/b/n' undefined
(Font)              using `T5/cmss/bx/n' instead on input line 410.


LaTeX Font Warning: Font shape `T5/cmss/b/n' undefined
(Font)              using `T5/cmss/bx/n' instead on input line 410.


LaTeX Font Warning: Font shape `T5/cmss/b/n' undefined
(Font)              using `T5/cmss/bx/n' instead on input line 410.


LaTeX Font Warning: Font shape `T5/cmss/b/n' undefined
(Font)              using `T5/cmss/bx/n' instead on input line 410.


LaTeX Font Warning: Font shape `T5/cmss/b/n' undefined
(Font)              using `T5/cmss/bx/n' instead on input line 410.


Overfull \vbox (18.78796pt too high) detected at line 410
 []

[20

 <./Fig. 9 Method using arctangent function.PNG>]
<Fig. 10 Method using synchronous frame.PNG, id=198, 1187.18532pt x 447.92343pt>
File: Fig. 10 Method using synchronous frame.PNG Graphic file (type png)
<use Fig. 10 Method using synchronous frame.PNG>
Package pdftex.def Info: Fig. 10 Method using synchronous frame.PNG  used on input line 442.
(pdftex.def)             Requested size: 276.559pt x 104.34616pt.


LaTeX Font Warning: Font shape `T5/cmss/b/n' undefined
(Font)              using `T5/cmss/bx/n' instead on input line 442.


LaTeX Font Warning: Font shape `T5/cmss/b/n' undefined
(Font)              using `T5/cmss/bx/n' instead on input line 442.


LaTeX Font Warning: Font shape `T5/cmss/b/n' undefined
(Font)              using `T5/cmss/bx/n' instead on input line 442.


LaTeX Font Warning: Font shape `T5/cmss/b/n' undefined
(Font)              using `T5/cmss/bx/n' instead on input line 442.


LaTeX Font Warning: Font shape `T5/cmss/b/n' undefined
(Font)              using `T5/cmss/bx/n' instead on input line 442.

[21

 <./Fig. 10 Method using synchronous frame.PNG>]
<Fig. 11 Overall configuration.PNG, id=206, 1181.16281pt x 286.06876pt>
File: Fig. 11 Overall configuration.PNG Graphic file (type png)
<use Fig. 11 Overall configuration.PNG>
Package pdftex.def Info: Fig. 11 Overall configuration.PNG  used on input line 470.
(pdftex.def)             Requested size: 307.28987pt x 74.41977pt.


LaTeX Font Warning: Font shape `T5/cmss/b/n' undefined
(Font)              using `T5/cmss/bx/n' instead on input line 470.


LaTeX Font Warning: Font shape `T5/cmss/b/n' undefined
(Font)              using `T5/cmss/bx/n' instead on input line 470.


LaTeX Font Warning: Font shape `T5/cmss/b/n' undefined
(Font)              using `T5/cmss/bx/n' instead on input line 470.


LaTeX Font Warning: Font shape `T5/cmss/b/n' undefined
(Font)              using `T5/cmss/bx/n' instead on input line 470.


LaTeX Font Warning: Font shape `T5/cmss/b/n' undefined
(Font)              using `T5/cmss/bx/n' instead on input line 470.


Overfull \vbox (37.38307pt too high) detected at line 470
 []

[22

 <./Fig. 11 Overall configuration.PNG>]

LaTeX Font Warning: Font shape `T5/cmss/b/n' undefined
(Font)              using `T5/cmss/bx/n' instead on input line 475.


LaTeX Font Warning: Font shape `T5/cmss/b/n' undefined
(Font)              using `T5/cmss/bx/n' instead on input line 475.

[23

]

LaTeX Font Warning: Font shape `T5/cmss/b/n' undefined
(Font)              using `T5/cmss/bx/n' instead on input line 487.


Overfull \vbox (17.958pt too high) detected at line 487
 []

[24

]
Overfull \hbox (4.03477pt too wide) in paragraph at lines 513--513
 [] 
 []


LaTeX Font Warning: Font shape `T5/cmss/b/n' undefined
(Font)              using `T5/cmss/bx/n' instead on input line 513.


LaTeX Font Warning: Font shape `T5/cmss/b/n' undefined
(Font)              using `T5/cmss/bx/n' instead on input line 513.


LaTeX Font Warning: Font shape `T5/cmss/b/n' undefined
(Font)              using `T5/cmss/bx/n' instead on input line 513.


LaTeX Font Warning: Font shape `T5/cmss/b/n' undefined
(Font)              using `T5/cmss/bx/n' instead on input line 513.


LaTeX Font Warning: Font shape `T5/cmss/b/n' undefined
(Font)              using `T5/cmss/bx/n' instead on input line 513.


Overfull \vbox (33.08353pt too high) detected at line 513
 []

[25

]
<fig12a.png, id=231, 633.86812pt x 543.53062pt>
File: fig12a.png Graphic file (type png)
<use fig12a.png>
Package pdftex.def Info: fig12a.png  used on input line 530.
(pdftex.def)             Requested size: 153.64493pt x 131.7438pt.


LaTeX Font Warning: Font shape `T5/cmss/b/n' undefined
(Font)              using `T5/cmss/bx/n' instead on input line 530.


LaTeX Font Warning: Font shape `T5/cmss/b/n' undefined
(Font)              using `T5/cmss/bx/n' instead on input line 530.


LaTeX Font Warning: Font shape `T5/cmss/b/n' undefined
(Font)              using `T5/cmss/bx/n' instead on input line 530.


LaTeX Font Warning: Font shape `T5/cmss/b/n' undefined
(Font)              using `T5/cmss/bx/n' instead on input line 530.

<fig12b.png, id=232, 633.86812pt x 542.77782pt>
File: fig12b.png Graphic file (type png)
<use fig12b.png>
Package pdftex.def Info: fig12b.png  used on input line 530.
(pdftex.def)             Requested size: 153.64493pt x 131.56134pt.

LaTeX Font Warning: Font shape `T5/cmss/b/n' undefined
(Font)              using `T5/cmss/bx/n' instead on input line 530.


LaTeX Font Warning: Font shape `T5/cmss/b/n' undefined
(Font)              using `T5/cmss/bx/n' instead on input line 530.


LaTeX Font Warning: Font shape `T5/cmss/b/n' undefined
(Font)              using `T5/cmss/bx/n' instead on input line 530.


LaTeX Font Warning: Font shape `T5/cmss/b/n' undefined
(Font)              using `T5/cmss/bx/n' instead on input line 530.


LaTeX Font Warning: Font shape `T5/cmss/b/n' undefined
(Font)              using `T5/cmss/bx/n' instead on input line 530.


LaTeX Font Warning: Font shape `T5/cmss/b/n' undefined
(Font)              using `T5/cmss/bx/n' instead on input line 530.


LaTeX Font Warning: Font shape `T5/cmss/b/n' undefined
(Font)              using `T5/cmss/bx/n' instead on input line 530.


LaTeX Font Warning: Font shape `T5/cmss/b/n' undefined
(Font)              using `T5/cmss/bx/n' instead on input line 530.


LaTeX Font Warning: Font shape `T5/cmss/b/n' undefined
(Font)              using `T5/cmss/bx/n' instead on input line 530.

[26

 <./fig12a.png> <./fig12b.png>]
<fig12c.png, id=241, 637.63219pt x 540.51938pt>
File: fig12c.png Graphic file (type png)
<use fig12c.png>
Package pdftex.def Info: fig12c.png  used on input line 547.
(pdftex.def)             Requested size: 153.64493pt x 130.23865pt.


LaTeX Font Warning: Font shape `T5/cmss/b/n' undefined
(Font)              using `T5/cmss/bx/n' instead on input line 547.


LaTeX Font Warning: Font shape `T5/cmss/b/n' undefined
(Font)              using `T5/cmss/bx/n' instead on input line 547.


LaTeX Font Warning: Font shape `T5/cmss/b/n' undefined
(Font)              using `T5/cmss/bx/n' instead on input line 547.


LaTeX Font Warning: Font shape `T5/cmss/b/n' undefined
(Font)              using `T5/cmss/bx/n' instead on input line 547.

<fig12d.png, id=242, 639.13782pt x 536.0025pt>
File: fig12d.png Graphic file (type png)
<use fig12d.png>
Package pdftex.def Info: fig12d.png  used on input line 547.
(pdftex.def)             Requested size: 153.64493pt x 128.84769pt.

LaTeX Font Warning: Font shape `T5/cmss/b/n' undefined
(Font)              using `T5/cmss/bx/n' instead on input line 547.


LaTeX Font Warning: Font shape `T5/cmss/b/n' undefined
(Font)              using `T5/cmss/bx/n' instead on input line 547.


LaTeX Font Warning: Font shape `T5/cmss/b/n' undefined
(Font)              using `T5/cmss/bx/n' instead on input line 547.


LaTeX Font Warning: Font shape `T5/cmss/b/n' undefined
(Font)              using `T5/cmss/bx/n' instead on input line 547.


LaTeX Font Warning: Font shape `T5/cmss/b/n' undefined
(Font)              using `T5/cmss/bx/n' instead on input line 547.


LaTeX Font Warning: Font shape `T5/cmss/b/n' undefined
(Font)              using `T5/cmss/bx/n' instead on input line 547.


LaTeX Font Warning: Font shape `T5/cmss/b/n' undefined
(Font)              using `T5/cmss/bx/n' instead on input line 547.


LaTeX Font Warning: Font shape `T5/cmss/b/n' undefined
(Font)              using `T5/cmss/bx/n' instead on input line 547.


LaTeX Font Warning: Font shape `T5/cmss/b/n' undefined
(Font)              using `T5/cmss/bx/n' instead on input line 547.

[27

 <./fig12c.png> <./fig12d.png>]
<fig12e.png, id=250, 630.85687pt x 546.54187pt>
File: fig12e.png Graphic file (type png)
<use fig12e.png>
Package pdftex.def Info: fig12e.png  used on input line 564.
(pdftex.def)             Requested size: 153.64493pt x 133.1075pt.


LaTeX Font Warning: Font shape `T5/cmss/b/n' undefined
(Font)              using `T5/cmss/bx/n' instead on input line 564.


LaTeX Font Warning: Font shape `T5/cmss/b/n' undefined
(Font)              using `T5/cmss/bx/n' instead on input line 564.


LaTeX Font Warning: Font shape `T5/cmss/b/n' undefined
(Font)              using `T5/cmss/bx/n' instead on input line 564.


LaTeX Font Warning: Font shape `T5/cmss/b/n' undefined
(Font)              using `T5/cmss/bx/n' instead on input line 564.

<fig12f.png, id=251, 635.37375pt x 539.76656pt>
File: fig12f.png Graphic file (type png)
<use fig12f.png>
Package pdftex.def Info: fig12f.png  used on input line 564.
(pdftex.def)             Requested size: 153.64493pt x 130.52672pt.

LaTeX Font Warning: Font shape `T5/cmss/b/n' undefined
(Font)              using `T5/cmss/bx/n' instead on input line 564.


LaTeX Font Warning: Font shape `T5/cmss/b/n' undefined
(Font)              using `T5/cmss/bx/n' instead on input line 564.


LaTeX Font Warning: Font shape `T5/cmss/b/n' undefined
(Font)              using `T5/cmss/bx/n' instead on input line 564.


LaTeX Font Warning: Font shape `T5/cmss/b/n' undefined
(Font)              using `T5/cmss/bx/n' instead on input line 564.


LaTeX Font Warning: Font shape `T5/cmss/b/n' undefined
(Font)              using `T5/cmss/bx/n' instead on input line 564.


LaTeX Font Warning: Font shape `T5/cmss/b/n' undefined
(Font)              using `T5/cmss/bx/n' instead on input line 564.


LaTeX Font Warning: Font shape `T5/cmss/b/n' undefined
(Font)              using `T5/cmss/bx/n' instead on input line 564.


LaTeX Font Warning: Font shape `T5/cmss/b/n' undefined
(Font)              using `T5/cmss/bx/n' instead on input line 564.


LaTeX Font Warning: Font shape `T5/cmss/b/n' undefined
(Font)              using `T5/cmss/bx/n' instead on input line 564.

[28

 <./fig12e.png> <./fig12f.png>]
<fig12h.png, id=259, 639.13782pt x 517.935pt>
File: fig12h.png Graphic file (type png)
<use fig12h.png>
Package pdftex.def Info: fig12h.png  used on input line 581.
(pdftex.def)             Requested size: 153.64493pt x 124.5045pt.


LaTeX Font Warning: Font shape `T5/cmss/b/n' undefined
(Font)              using `T5/cmss/bx/n' instead on input line 581.


LaTeX Font Warning: Font shape `T5/cmss/b/n' undefined
(Font)              using `T5/cmss/bx/n' instead on input line 581.


LaTeX Font Warning: Font shape `T5/cmss/b/n' undefined
(Font)              using `T5/cmss/bx/n' instead on input line 581.


LaTeX Font Warning: Font shape `T5/cmss/b/n' undefined
(Font)              using `T5/cmss/bx/n' instead on input line 581.

File: fig12h.png Graphic file (type png)
<use fig12h.png>
Package pdftex.def Info: fig12h.png  used on input line 581.
(pdftex.def)             Requested size: 153.64493pt x 124.5045pt.

LaTeX Font Warning: Font shape `T5/cmss/b/n' undefined
(Font)              using `T5/cmss/bx/n' instead on input line 581.


LaTeX Font Warning: Font shape `T5/cmss/b/n' undefined
(Font)              using `T5/cmss/bx/n' instead on input line 581.


LaTeX Font Warning: Font shape `T5/cmss/b/n' undefined
(Font)              using `T5/cmss/bx/n' instead on input line 581.


LaTeX Font Warning: Font shape `T5/cmss/b/n' undefined
(Font)              using `T5/cmss/bx/n' instead on input line 581.


LaTeX Font Warning: Font shape `T5/cmss/b/n' undefined
(Font)              using `T5/cmss/bx/n' instead on input line 581.


LaTeX Font Warning: Font shape `T5/cmss/b/n' undefined
(Font)              using `T5/cmss/bx/n' instead on input line 581.


LaTeX Font Warning: Font shape `T5/cmss/b/n' undefined
(Font)              using `T5/cmss/bx/n' instead on input line 581.


LaTeX Font Warning: Font shape `T5/cmss/b/n' undefined
(Font)              using `T5/cmss/bx/n' instead on input line 581.


LaTeX Font Warning: Font shape `T5/cmss/b/n' undefined
(Font)              using `T5/cmss/bx/n' instead on input line 581.

[29

 <./fig12h.png>]
<fig12i.png, id=266, 633.11531pt x 514.92375pt>
File: fig12i.png Graphic file (type png)
<use fig12i.png>
Package pdftex.def Info: fig12i.png  used on input line 598.
(pdftex.def)             Requested size: 153.64493pt x 124.95921pt.


LaTeX Font Warning: Font shape `T5/cmss/b/n' undefined
(Font)              using `T5/cmss/bx/n' instead on input line 598.


LaTeX Font Warning: Font shape `T5/cmss/b/n' undefined
(Font)              using `T5/cmss/bx/n' instead on input line 598.


LaTeX Font Warning: Font shape `T5/cmss/b/n' undefined
(Font)              using `T5/cmss/bx/n' instead on input line 598.


LaTeX Font Warning: Font shape `T5/cmss/b/n' undefined
(Font)              using `T5/cmss/bx/n' instead on input line 598.

<fig12j.png, id=267, 639.89063pt x 523.20468pt>
File: fig12j.png Graphic file (type png)
<use fig12j.png>
Package pdftex.def Info: fig12j.png  used on input line 598.
(pdftex.def)             Requested size: 153.64493pt x 125.62756pt.

LaTeX Font Warning: Font shape `T5/cmss/b/n' undefined
(Font)              using `T5/cmss/bx/n' instead on input line 598.


LaTeX Font Warning: Font shape `T5/cmss/b/n' undefined
(Font)              using `T5/cmss/bx/n' instead on input line 598.


LaTeX Font Warning: Font shape `T5/cmss/b/n' undefined
(Font)              using `T5/cmss/bx/n' instead on input line 598.


LaTeX Font Warning: Font shape `T5/cmss/b/n' undefined
(Font)              using `T5/cmss/bx/n' instead on input line 598.


LaTeX Font Warning: Font shape `T5/cmss/b/n' undefined
(Font)              using `T5/cmss/bx/n' instead on input line 598.


LaTeX Font Warning: Font shape `T5/cmss/b/n' undefined
(Font)              using `T5/cmss/bx/n' instead on input line 598.


LaTeX Font Warning: Font shape `T5/cmss/b/n' undefined
(Font)              using `T5/cmss/bx/n' instead on input line 598.


LaTeX Font Warning: Font shape `T5/cmss/b/n' undefined
(Font)              using `T5/cmss/bx/n' instead on input line 598.


LaTeX Font Warning: Font shape `T5/cmss/b/n' undefined
(Font)              using `T5/cmss/bx/n' instead on input line 598.

[30

 <./fig12i.png> <./fig12j.png>]
Overfull \hbox (24.40724pt too wide) in paragraph at lines 615--615
 [] 
 []


LaTeX Font Warning: Font shape `T5/cmss/b/n' undefined
(Font)              using `T5/cmss/bx/n' instead on input line 615.


LaTeX Font Warning: Font shape `T5/cmss/b/n' undefined
(Font)              using `T5/cmss/bx/n' instead on input line 615.


LaTeX Font Warning: Font shape `T5/cmss/b/n' undefined
(Font)              using `T5/cmss/bx/n' instead on input line 615.


LaTeX Font Warning: Font shape `T5/cmss/b/n' undefined
(Font)              using `T5/cmss/bx/n' instead on input line 615.


pdfTeX warning (ext4): destination with the same identifier (name{tab:table-1}) has been already used, duplicate ignored
<to be read again> 
                   \relax 
l.615 \end{frame}
                 

LaTeX Font Warning: Font shape `T5/cmss/b/n' undefined
(Font)              using `T5/cmss/bx/n' instead on input line 615.

[31

]

LaTeX Font Warning: Font shape `T5/cmss/b/n' undefined
(Font)              using `T5/cmss/bx/n' instead on input line 631.


Overfull \vbox (7.1727pt too high) detected at line 631
 []

[32

]

LaTeX Font Warning: Font shape `T5/cmss/b/n' undefined
(Font)              using `T5/cmss/bx/n' instead on input line 647.


Overfull \vbox (7.79308pt too high) detected at line 647
 []

[33

]
<Fig. 13 Estimated characteristics under steady state.PNG, id=291, 950.80219pt x 591.71063pt>
File: Fig. 13 Estimated characteristics under steady state.PNG Graphic file (type png)
<use Fig. 13 Estimated characteristics under steady state.PNG>
Package pdftex.def Info: Fig. 13 Estimated characteristics under steady state.PNG  used on input line 663.
(pdftex.def)             Requested size: 153.64493pt x 95.61462pt.


LaTeX Font Warning: Font shape `T5/cmss/b/n' undefined
(Font)              using `T5/cmss/bx/n' instead on input line 663.


LaTeX Font Warning: Font shape `T5/cmss/b/n' undefined
(Font)              using `T5/cmss/bx/n' instead on input line 663.


LaTeX Font Warning: Font shape `T5/cmss/b/n' undefined
(Font)              using `T5/cmss/bx/n' instead on input line 663.


LaTeX Font Warning: Font shape `T5/cmss/b/n' undefined
(Font)              using `T5/cmss/bx/n' instead on input line 663.


LaTeX Font Warning: Font shape `T5/cmss/b/n' undefined
(Font)              using `T5/cmss/bx/n' instead on input line 663.


Overfull \vbox (35.41806pt too high) detected at line 663
 []

[34

 <./Fig. 13 Estimated characteristics under steady state.PNG>]
Underfull \hbox (badness 1199) in paragraph at lines 686--686
\T5/cmss/m/n/10.95 cho cc h thng PV nh l
 []

<Fig. 14 Estimation characteristics with voltage drop.PNG, id=298, 700.11563pt x 640.64343pt>
File: Fig. 14 Estimation characteristics with voltage drop.PNG Graphic file (type png)
<use Fig. 14 Estimation characteristics with voltage drop.PNG>
Package pdftex.def Info: Fig. 14 Estimation characteristics with voltage drop.PNG  used on input line 686.
(pdftex.def)             Requested size: 153.64493pt x 140.59007pt.

LaTeX Font Warning: Font shape `T5/cmss/b/n' undefined
(Font)              using `T5/cmss/bx/n' instead on input line 686.


LaTeX Font Warning: Font shape `T5/cmss/b/n' undefined
(Font)              using `T5/cmss/bx/n' instead on input line 686.


LaTeX Font Warning: Font shape `T5/cmss/b/n' undefined
(Font)              using `T5/cmss/bx/n' instead on input line 686.


LaTeX Font Warning: Font shape `T5/cmss/b/n' undefined
(Font)              using `T5/cmss/bx/n' instead on input line 686.


LaTeX Font Warning: Font shape `T5/cmss/b/n' undefined
(Font)              using `T5/cmss/bx/n' instead on input line 686.

[35

 <./Fig. 14 Estimation characteristics with voltage drop.PNG>]
<fig15a.png, id=305, 708.39656pt x 797.22844pt>
File: fig15a.png Graphic file (type png)
<use fig15a.png>
Package pdftex.def Info: fig15a.png  used on input line 704.
(pdftex.def)             Requested size: 138.2795pt x 155.61098pt.


LaTeX Font Warning: Font shape `T5/cmss/b/n' undefined
(Font)              using `T5/cmss/bx/n' instead on input line 704.


LaTeX Font Warning: Font shape `T5/cmss/b/n' undefined
(Font)              using `T5/cmss/bx/n' instead on input line 704.


LaTeX Font Warning: Font shape `T5/cmss/b/n' undefined
(Font)              using `T5/cmss/bx/n' instead on input line 704.


LaTeX Font Warning: Font shape `T5/cmss/b/n' undefined
(Font)              using `T5/cmss/bx/n' instead on input line 704.

<fig15b.png, id=306, 703.12688pt x 804.00375pt>
File: fig15b.png Graphic file (type png)
<use fig15b.png>
Package pdftex.def Info: fig15b.png  used on input line 704.
(pdftex.def)             Requested size: 138.2795pt x 158.11119pt.

LaTeX Font Warning: Font shape `T5/cmss/b/n' undefined
(Font)              using `T5/cmss/bx/n' instead on input line 704.


LaTeX Font Warning: Font shape `T5/cmss/b/n' undefined
(Font)              using `T5/cmss/bx/n' instead on input line 704.


LaTeX Font Warning: Font shape `T5/cmss/b/n' undefined
(Font)              using `T5/cmss/bx/n' instead on input line 704.


LaTeX Font Warning: Font shape `T5/cmss/b/n' undefined
(Font)              using `T5/cmss/bx/n' instead on input line 704.


Overfull \hbox (2.43272pt too wide) in paragraph at lines 704--704
 []|  [] 
 []


LaTeX Font Warning: Font shape `T5/cmss/b/n' undefined
(Font)              using `T5/cmss/bx/n' instead on input line 704.


LaTeX Font Warning: Font shape `T5/cmss/b/n' undefined
(Font)              using `T5/cmss/bx/n' instead on input line 704.


LaTeX Font Warning: Font shape `T5/cmss/b/n' undefined
(Font)              using `T5/cmss/bx/n' instead on input line 704.


LaTeX Font Warning: Font shape `T5/cmss/b/n' undefined
(Font)              using `T5/cmss/bx/n' instead on input line 704.


LaTeX Font Warning: Font shape `T5/cmss/b/n' undefined
(Font)              using `T5/cmss/bx/n' instead on input line 704.


Overfull \vbox (32.28629pt too high) detected at line 704
 []

[36

 <./fig15a.png> <./fig15b.png>]

LaTeX Font Warning: Font shape `T5/cmss/b/n' undefined
(Font)              using `T5/cmss/bx/n' instead on input line 713.

[37

]

LaTeX Font Warning: Font shape `T5/cmss/b/n' undefined
(Font)              using `T5/cmss/bx/n' instead on input line 717.


LaTeX Font Warning: Font shape `T5/cmss/b/n' undefined
(Font)              using `T5/cmss/bx/n' instead on input line 717.

[38

]

LaTeX Font Warning: Font shape `T5/cmss/b/n' undefined
(Font)              using `T5/cmss/bx/n' instead on input line 730.


Overfull \vbox (17.958pt too high) detected at line 730
 []

[39

]

LaTeX Font Warning: Font shape `T5/cmss/b/n' undefined
(Font)              using `T5/cmss/bx/n' instead on input line 737.

[40

]
\tf@nav=\write6
\openout6 = `AI.nav'.

\tf@toc=\write7
\openout7 = `AI.toc'.

\tf@snm=\write8
\openout8 = `AI.snm'.

 (./AI.aux)

LaTeX Warning: There were multiply-defined labels.

Package rerunfilecheck Info: File `AI.out' has not changed.
(rerunfilecheck)             Checksum: 7A0F816B5089013BCD4E468DE7897237;801.
 ) 
Here is how much of TeX's memory you used:
 28930 strings out of 478268
 588822 string characters out of 5846347
 817707 words of memory out of 5000000
 46427 multiletter control sequences out of 15000+600000
 509053 words of font info for 71 fonts, out of 8000000 for 9000
 1141 hyphenation exceptions out of 8191
 128i,18n,122p,1911b,882s stack positions out of 10000i,1000n,20000p,200000b,200000s

pdfTeX warning (dest): name{fig:B\353\040D\341\0402\040pha\040\243o} has been referenced but does not exist, replaced by a fixed one


pdfTeX warning (dest): name{fig:L\\T5\\uhorn\040u\040\\T5\\dj\040\347\040ph\\T5\\uhorn\040\\T5\\ohorn\040ng\040ph\241p\040b\255t\040\\T5\\dj\040i\272m\040qua\040kh\346ng} has been referenced but does not exist, replaced by a fixed one

{/usr/local/texlive/2022/texmf-dist/fonts/enc/dvips/tex-gyre/q-rm.enc}{/usr/local/texlive/2022/texmf-dist/fonts/enc/dvips/cm-super/cm-super-ts1.enc}</usr/local/texlive/2022/texmf-dist/fonts/type1/public/amsfonts/cm/cmex10.pfb></usr/local/texlive/2022/texmf-dist/fonts/type1/public/amsfonts/cm/cmmi10.pfb></usr/local/texlive/2022/texmf-dist/fonts/type1/public/amsfonts/cm/cmr10.pfb></usr/local/texlive/2022/texmf-dist/fonts/type1/public/amsfonts/cm/cmsy10.pfb></usr/local/texlive/2022/texmf-dist/fonts/type1/public/amsfonts/cm/cmsy8.pfb></usr/local/texlive/2022/texmf-dist/fonts/type1/public/tex-gyre/qbkr.pfb></usr/local/texlive/2022/texmf-dist/fonts/type1/public/tex-gyre/qbkri.pfb></usr/local/texlive/2022/texmf-dist/fonts/type1/public/cm-super/sfss1095.pfb></usr/local/texlive/2022/texmf-dist/fonts/type1/vntex/vnr/vnss10.pfb></usr/local/texlive/2022/texmf-dist/fonts/type1/vntex/vnr/vnss12.pfb></usr/local/texlive/2022/texmf-dist/fonts/type1/vntex/vnr/vnss8.pfb></usr/local/texlive/2022/texmf-dist/fonts/type1/vntex/vnr/vnss9.pfb></usr/local/texlive/2022/texmf-dist/fonts/type1/vntex/vnr/vnssbx10.pfb></usr/local/texlive/2022/texmf-dist/fonts/type1/vntex/vnr/vnssi10.pfb>
Output written on AI.pdf (40 pages, 1639823 bytes).
PDF statistics:
 422 PDF objects out of 1000 (max. 8388607)
 293 compressed objects within 3 object streams
 101 named destinations out of 1000 (max. 500000)
 208 words of extra memory for PDF output out of 10000 (max. 10000000)

